-------------------------------------------------------------------------------
Test set: org.sonar.samples.java.checks.SQLInjectionCheckTest
-------------------------------------------------------------------------------
Tests run: 1, Failures: 1, Errors: 0, Skipped: 0, Time elapsed: 11.092 s <<< FAILURE! - in org.sonar.samples.java.checks.SQLInjectionCheckTest
test(org.sonar.samples.java.checks.SQLInjectionCheckTest)  Time elapsed: 11.091 s  <<< FAILURE!
java.lang.AssertionError: Unexpected at [836, 892, 986, 1038, 1096, 1142, 1329, 1329, 1329, 1345, 1345, 1345, 1345, 1362, 1362, 1362, 1362, 1362, 1552, 1552, 1584, 1627, 1627, 1627, 1627, 1627, 1627, 1744, 1940]
	at org.sonar.samples.java.checks.SQLInjectionCheckTest.test(SQLInjectionCheckTest.java:10)

