<?xml version="1.0" encoding="UTF-8"?>
<testsuite xmlns:xsi="http://www.w3.org/2001/XMLSchema-instance" xsi:noNamespaceSchemaLocation="https://maven.apache.org/surefire/maven-surefire-plugin/xsd/surefire-test-report.xsd" name="org.sonar.samples.java.checks.SQLInjectionCheckTest" time="11.092" tests="1" errors="0" skipped="0" failures="1">
  <properties>
[...]
</properties>
  <testcase name="test" classname="org.sonar.samples.java.checks.SQLInjectionCheckTest" time="11.091">
    <failure message="Unexpected at [836, 892, 986, 1038, 1096, 1142, 1329, 1329, 1329, 1345, 1345, 1345, 1345, 1362, 1362, 1362, 1362, 1362, 1552, 1552, 1584, 1627, 1627, 1627, 1627, 1627, 1627, 1744, 1940]" type="java.lang.AssertionError">java.lang.AssertionError: Unexpected at [836, 892, 986, 1038, 1096, 1142, 1329, 1329, 1329, 1345, 1345, 1345, 1345, 1362, 1362, 1362, 1362, 1362, 1552, 1552, 1584, 1627, 1627, 1627, 1627, 1627, 1627, 1744, 1940]
	at org.sonar.samples.java.checks.SQLInjectionCheckTest.test(SQLInjectionCheckTest.java:10)
</failure>
    <system-out><![CDATA[15:59:08.805 [main] DEBUG o.s.java.bytecode.ClassLoaderBuilder - ----- Classpath analyzed by Squid:
15:59:08.805 [main] DEBUG o.s.java.bytecode.ClassLoaderBuilder - C:\Users\lucka\IdeaProjects\sonar-custom-rules-examples\java-custom-rules\target\test-jars\commons-collections4-4.0.jar
15:59:08.805 [main] DEBUG o.s.java.bytecode.ClassLoaderBuilder - C:\Users\lucka\IdeaProjects\sonar-custom-rules-examples\java-custom-rules\target\test-jars\javaee-api-6.0.jar
15:59:08.805 [main] DEBUG o.s.java.bytecode.ClassLoaderBuilder - C:\Users\lucka\IdeaProjects\sonar-custom-rules-examples\java-custom-rules\target\test-jars\spring-context-4.3.3.RELEASE.jar
15:59:08.805 [main] DEBUG o.s.java.bytecode.ClassLoaderBuilder - C:\Users\lucka\IdeaProjects\sonar-custom-rules-examples\java-custom-rules\target\test-jars\spring-web-4.3.3.RELEASE.jar
15:59:08.805 [main] DEBUG o.s.java.bytecode.ClassLoaderBuilder - C:\Users\lucka\IdeaProjects\sonar-custom-rules-examples\java-custom-rules\target\test-jars\spring-webmvc-4.3.3.RELEASE.jar
15:59:08.805 [main] DEBUG o.s.java.bytecode.ClassLoaderBuilder - C:\Users\lucka\IdeaProjects\sonar-custom-rules-examples\java-custom-rules\target\test-classes
15:59:08.805 [main] DEBUG o.s.java.bytecode.ClassLoaderBuilder - -----
15:59:08.816 [main] INFO  org.sonar.squidbridge.ProgressReport - 1 source files to be analyzed
15:59:09.278 [main] DEBUG o.s.j.b.loader.SquidClassLoader - .class not found for java
15:59:09.279 [main] DEBUG o.s.j.b.loader.SquidClassLoader - .class not found for java.math
15:59:09.280 [main] DEBUG o.s.j.b.loader.SquidClassLoader - .class not found for java
15:59:09.281 [main] DEBUG o.s.j.b.loader.SquidClassLoader - .class not found for java.sql
15:59:09.281 [main] DEBUG o.s.j.b.loader.SquidClassLoader - .class not found for java
15:59:09.282 [main] DEBUG o.s.j.b.loader.SquidClassLoader - .class not found for java.text
15:59:09.282 [main] DEBUG o.s.j.b.loader.SquidClassLoader - .class not found for java
15:59:09.283 [main] DEBUG o.s.j.b.loader.SquidClassLoader - .class not found for java.util
15:59:09.283 [main] DEBUG o.s.j.b.loader.SquidClassLoader - .class not found for java
15:59:09.283 [main] DEBUG o.s.j.b.loader.SquidClassLoader - .class not found for java.util
15:59:09.284 [main] DEBUG o.s.j.b.loader.SquidClassLoader - .class not found for java
15:59:09.284 [main] DEBUG o.s.j.b.loader.SquidClassLoader - .class not found for java.util
15:59:09.284 [main] DEBUG o.s.j.b.loader.SquidClassLoader - .class not found for java
15:59:09.284 [main] DEBUG o.s.j.b.loader.SquidClassLoader - .class not found for java.util
15:59:09.285 [main] DEBUG o.s.j.b.loader.SquidClassLoader - .class not found for java
15:59:09.285 [main] DEBUG o.s.j.b.loader.SquidClassLoader - .class not found for java.util
15:59:09.285 [main] DEBUG o.s.j.b.loader.SquidClassLoader - .class not found for java
15:59:09.286 [main] DEBUG o.s.j.b.loader.SquidClassLoader - .class not found for java.util
15:59:09.286 [main] DEBUG o.s.j.b.loader.SquidClassLoader - .class not found for ais
15:59:09.286 [main] DEBUG o.s.j.b.loader.SquidClassLoader - .class not found for ais.bo
15:59:09.286 [main] DEBUG o.s.j.b.loader.SquidClassLoader - .class not found for ais.bo.SluzbaBD
15:59:09.286 [main] DEBUG o.s.j.b.loader.SquidClassLoader - .class not found for ais
15:59:09.287 [main] DEBUG o.s.j.b.loader.SquidClassLoader - .class not found for ais.bo
15:59:09.287 [main] DEBUG o.s.j.b.loader.SquidClassLoader - .class not found for ais.bo.pw
15:59:09.287 [main] DEBUG o.s.j.b.loader.SquidClassLoader - .class not found for ais.bo.pw.PWVlastnostOJ
15:59:09.287 [main] DEBUG o.s.j.b.loader.SquidClassLoader - .class not found for ais
15:59:09.287 [main] DEBUG o.s.j.b.loader.SquidClassLoader - .class not found for ais.bo
15:59:09.287 [main] DEBUG o.s.j.b.loader.SquidClassLoader - .class not found for ais.bo.ss
15:59:09.288 [main] DEBUG o.s.j.b.loader.SquidClassLoader - .class not found for ais.bo.ss.sc
15:59:09.288 [main] DEBUG o.s.j.b.loader.SquidClassLoader - .class not found for ais.bo.ss.sc.SCDenVTyzdni
15:59:09.288 [main] DEBUG o.s.j.b.loader.SquidClassLoader - .class not found for ais
15:59:09.288 [main] DEBUG o.s.j.b.loader.SquidClassLoader - .class not found for ais.bo
15:59:09.288 [main] DEBUG o.s.j.b.loader.SquidClassLoader - .class not found for ais.bo.ss
15:59:09.288 [main] DEBUG o.s.j.b.loader.SquidClassLoader - .class not found for ais.bo.ss.sc
15:59:09.289 [main] DEBUG o.s.j.b.loader.SquidClassLoader - .class not found for ais.bo.ss.sc.SCJazyk
15:59:09.289 [main] DEBUG o.s.j.b.loader.SquidClassLoader - .class not found for ais
15:59:09.289 [main] DEBUG o.s.j.b.loader.SquidClassLoader - .class not found for ais.bo
15:59:09.290 [main] DEBUG o.s.j.b.loader.SquidClassLoader - .class not found for ais.bo.ss
15:59:09.290 [main] DEBUG o.s.j.b.loader.SquidClassLoader - .class not found for ais.bo.ss.sc
15:59:09.291 [main] DEBUG o.s.j.b.loader.SquidClassLoader - .class not found for ais.bo.ss.sc.SCMesiac
15:59:09.291 [main] DEBUG o.s.j.b.loader.SquidClassLoader - .class not found for ais
15:59:09.291 [main] DEBUG o.s.j.b.loader.SquidClassLoader - .class not found for ais.bo
15:59:09.291 [main] DEBUG o.s.j.b.loader.SquidClassLoader - .class not found for ais.bo.ss
15:59:09.291 [main] DEBUG o.s.j.b.loader.SquidClassLoader - .class not found for ais.bo.ss.sc
15:59:09.291 [main] DEBUG o.s.j.b.loader.SquidClassLoader - .class not found for ais.bo.ss.sc.SCObec
15:59:09.292 [main] DEBUG o.s.j.b.loader.SquidClassLoader - .class not found for ais
15:59:09.292 [main] DEBUG o.s.j.b.loader.SquidClassLoader - .class not found for ais.bo
15:59:09.292 [main] DEBUG o.s.j.b.loader.SquidClassLoader - .class not found for ais.bo.ss
15:59:09.292 [main] DEBUG o.s.j.b.loader.SquidClassLoader - .class not found for ais.bo.ss.sc
15:59:09.292 [main] DEBUG o.s.j.b.loader.SquidClassLoader - .class not found for ais.bo.ss.sc.SCOkres
15:59:09.292 [main] DEBUG o.s.j.b.loader.SquidClassLoader - .class not found for ais
15:59:09.293 [main] DEBUG o.s.j.b.loader.SquidClassLoader - .class not found for ais.bo
15:59:09.293 [main] DEBUG o.s.j.b.loader.SquidClassLoader - .class not found for ais.bo.ss
15:59:09.293 [main] DEBUG o.s.j.b.loader.SquidClassLoader - .class not found for ais.bo.ss.sc
15:59:09.293 [main] DEBUG o.s.j.b.loader.SquidClassLoader - .class not found for ais.bo.ss.sc.SCParamSystem
15:59:09.294 [main] DEBUG o.s.j.b.loader.SquidClassLoader - .class not found for ais
15:59:09.294 [main] DEBUG o.s.j.b.loader.SquidClassLoader - .class not found for ais.bo
15:59:09.294 [main] DEBUG o.s.j.b.loader.SquidClassLoader - .class not found for ais.bo.ss
15:59:09.294 [main] DEBUG o.s.j.b.loader.SquidClassLoader - .class not found for ais.bo.ss.sc
15:59:09.294 [main] DEBUG o.s.j.b.loader.SquidClassLoader - .class not found for ais.bo.ss.sc.SCStat
15:59:09.295 [main] DEBUG o.s.j.b.loader.SquidClassLoader - .class not found for ais
15:59:09.296 [main] DEBUG o.s.j.b.loader.SquidClassLoader - .class not found for ais.bo
15:59:09.296 [main] DEBUG o.s.j.b.loader.SquidClassLoader - .class not found for ais.bo.ss
15:59:09.296 [main] DEBUG o.s.j.b.loader.SquidClassLoader - .class not found for ais.bo.ss.sc
15:59:09.297 [main] DEBUG o.s.j.b.loader.SquidClassLoader - .class not found for ais.bo.ss.sc.SCSviatokKalendar
15:59:09.297 [main] DEBUG o.s.j.b.loader.SquidClassLoader - .class not found for ais
15:59:09.298 [main] DEBUG o.s.j.b.loader.SquidClassLoader - .class not found for ais.bo
15:59:09.298 [main] DEBUG o.s.j.b.loader.SquidClassLoader - .class not found for ais.bo.ss
15:59:09.298 [main] DEBUG o.s.j.b.loader.SquidClassLoader - .class not found for ais.bo.ss.sc
15:59:09.298 [main] DEBUG o.s.j.b.loader.SquidClassLoader - .class not found for ais.bo.ss.sc.SCTypDatumAkcia
15:59:09.299 [main] DEBUG o.s.j.b.loader.SquidClassLoader - .class not found for ais
15:59:09.299 [main] DEBUG o.s.j.b.loader.SquidClassLoader - .class not found for ais.bo
15:59:09.299 [main] DEBUG o.s.j.b.loader.SquidClassLoader - .class not found for ais.bo.ss
15:59:09.299 [main] DEBUG o.s.j.b.loader.SquidClassLoader - .class not found for ais.bo.ss.sc
15:59:09.299 [main] DEBUG o.s.j.b.loader.SquidClassLoader - .class not found for ais.bo.ss.sc.SCTypParamSystem
15:59:09.300 [main] DEBUG o.s.j.b.loader.SquidClassLoader - .class not found for ais
15:59:09.300 [main] DEBUG o.s.j.b.loader.SquidClassLoader - .class not found for ais.bo
15:59:09.300 [main] DEBUG o.s.j.b.loader.SquidClassLoader - .class not found for ais.bo.ss
15:59:09.301 [main] DEBUG o.s.j.b.loader.SquidClassLoader - .class not found for ais.bo.ss.sc
15:59:09.301 [main] DEBUG o.s.j.b.loader.SquidClassLoader - .class not found for ais.bo.ss.sc.crsc_
15:59:09.301 [main] DEBUG o.s.j.b.loader.SquidClassLoader - .class not found for ais.bo.ss.sc.crsc_.CRSC_Obec
15:59:09.301 [main] DEBUG o.s.j.b.loader.SquidClassLoader - .class not found for ais
15:59:09.303 [main] DEBUG o.s.j.b.loader.SquidClassLoader - .class not found for ais.bo
15:59:09.303 [main] DEBUG o.s.j.b.loader.SquidClassLoader - .class not found for ais.bo.ss
15:59:09.303 [main] DEBUG o.s.j.b.loader.SquidClassLoader - .class not found for ais.bo.ss.sc
15:59:09.303 [main] DEBUG o.s.j.b.loader.SquidClassLoader - .class not found for ais.bo.ss.sc.crsc_
15:59:09.304 [main] DEBUG o.s.j.b.loader.SquidClassLoader - .class not found for ais.bo.ss.sc.crsc_.CRSC_Staty
15:59:09.304 [main] DEBUG o.s.j.b.loader.SquidClassLoader - .class not found for ais
15:59:09.304 [main] DEBUG o.s.j.b.loader.SquidClassLoader - .class not found for ais.bo
15:59:09.304 [main] DEBUG o.s.j.b.loader.SquidClassLoader - .class not found for ais.bo.ss
15:59:09.305 [main] DEBUG o.s.j.b.loader.SquidClassLoader - .class not found for ais.bo.ss.sc
15:59:09.305 [main] DEBUG o.s.j.b.loader.SquidClassLoader - .class not found for ais.bo.ss.sc.pw
15:59:09.305 [main] DEBUG o.s.j.b.loader.SquidClassLoader - .class not found for ais.bo.ss.sc.pw.SCPWOrgJednotka
15:59:09.305 [main] DEBUG o.s.j.b.loader.SquidClassLoader - .class not found for ais
15:59:09.305 [main] DEBUG o.s.j.b.loader.SquidClassLoader - .class not found for ais.bo
15:59:09.306 [main] DEBUG o.s.j.b.loader.SquidClassLoader - .class not found for ais.bo.ss
15:59:09.306 [main] DEBUG o.s.j.b.loader.SquidClassLoader - .class not found for ais.bo.ss.sc
15:59:09.306 [main] DEBUG o.s.j.b.loader.SquidClassLoader - .class not found for ais.bo.ss.sc.st
15:59:09.306 [main] DEBUG o.s.j.b.loader.SquidClassLoader - .class not found for ais.bo.ss.sc.st.SCSTCinnostStudPrg
15:59:09.306 [main] DEBUG o.s.j.b.loader.SquidClassLoader - .class not found for ais
15:59:09.306 [main] DEBUG o.s.j.b.loader.SquidClassLoader - .class not found for ais.bo
15:59:09.307 [main] DEBUG o.s.j.b.loader.SquidClassLoader - .class not found for ais.bo.ss
15:59:09.307 [main] DEBUG o.s.j.b.loader.SquidClassLoader - .class not found for ais.bo.ss.sc
15:59:09.307 [main] DEBUG o.s.j.b.loader.SquidClassLoader - .class not found for ais.bo.ss.sc.st
15:59:09.307 [main] DEBUG o.s.j.b.loader.SquidClassLoader - .class not found for ais.bo.ss.sc.st.SCSTDruhStudia
15:59:09.307 [main] DEBUG o.s.j.b.loader.SquidClassLoader - .class not found for ais
15:59:09.308 [main] DEBUG o.s.j.b.loader.SquidClassLoader - .class not found for ais.bo
15:59:09.308 [main] DEBUG o.s.j.b.loader.SquidClassLoader - .class not found for ais.bo.ss
15:59:09.308 [main] DEBUG o.s.j.b.loader.SquidClassLoader - .class not found for ais.bo.ss.sc
15:59:09.308 [main] DEBUG o.s.j.b.loader.SquidClassLoader - .class not found for ais.bo.ss.sc.st
15:59:09.308 [main] DEBUG o.s.j.b.loader.SquidClassLoader - .class not found for ais.bo.ss.sc.st.SCSTFormaStudia
15:59:09.308 [main] DEBUG o.s.j.b.loader.SquidClassLoader - .class not found for ais
15:59:09.309 [main] DEBUG o.s.j.b.loader.SquidClassLoader - .class not found for ais.bo
15:59:09.309 [main] DEBUG o.s.j.b.loader.SquidClassLoader - .class not found for ais.bo.ss
15:59:09.309 [main] DEBUG o.s.j.b.loader.SquidClassLoader - .class not found for ais.bo.ss.sc
15:59:09.309 [main] DEBUG o.s.j.b.loader.SquidClassLoader - .class not found for ais.bo.ss.sc.st
15:59:09.309 [main] DEBUG o.s.j.b.loader.SquidClassLoader - .class not found for ais.bo.ss.sc.st.SCSTMetodaStudia
15:59:09.309 [main] DEBUG o.s.j.b.loader.SquidClassLoader - .class not found for ais
15:59:09.309 [main] DEBUG o.s.j.b.loader.SquidClassLoader - .class not found for ais.bo
15:59:09.310 [main] DEBUG o.s.j.b.loader.SquidClassLoader - .class not found for ais.bo.ss
15:59:09.310 [main] DEBUG o.s.j.b.loader.SquidClassLoader - .class not found for ais.bo.ss.sc
15:59:09.310 [main] DEBUG o.s.j.b.loader.SquidClassLoader - .class not found for ais.bo.ss.sc.st
15:59:09.310 [main] DEBUG o.s.j.b.loader.SquidClassLoader - .class not found for ais.bo.ss.sc.st.SCSTSposVyucby
15:59:09.310 [main] DEBUG o.s.j.b.loader.SquidClassLoader - .class not found for ais
15:59:09.310 [main] DEBUG o.s.j.b.loader.SquidClassLoader - .class not found for ais.bo
15:59:09.311 [main] DEBUG o.s.j.b.loader.SquidClassLoader - .class not found for ais.bo.ss
15:59:09.311 [main] DEBUG o.s.j.b.loader.SquidClassLoader - .class not found for ais.bo.ss.sc
15:59:09.311 [main] DEBUG o.s.j.b.loader.SquidClassLoader - .class not found for ais.bo.ss.sc.st
15:59:09.311 [main] DEBUG o.s.j.b.loader.SquidClassLoader - .class not found for ais.bo.ss.sc.st.SCSTStudProgram
15:59:09.311 [main] DEBUG o.s.j.b.loader.SquidClassLoader - .class not found for ais
15:59:09.312 [main] DEBUG o.s.j.b.loader.SquidClassLoader - .class not found for ais.bo
15:59:09.312 [main] DEBUG o.s.j.b.loader.SquidClassLoader - .class not found for ais.bo.ss
15:59:09.312 [main] DEBUG o.s.j.b.loader.SquidClassLoader - .class not found for ais.bo.ss.sc
15:59:09.312 [main] DEBUG o.s.j.b.loader.SquidClassLoader - .class not found for ais.bo.ss.sc.st
15:59:09.313 [main] DEBUG o.s.j.b.loader.SquidClassLoader - .class not found for ais.bo.ss.sc.st.SCSTStupenStudia
15:59:09.313 [main] DEBUG o.s.j.b.loader.SquidClassLoader - .class not found for ais
15:59:09.313 [main] DEBUG o.s.j.b.loader.SquidClassLoader - .class not found for ais.bo
15:59:09.314 [main] DEBUG o.s.j.b.loader.SquidClassLoader - .class not found for ais.bo.ss
15:59:09.314 [main] DEBUG o.s.j.b.loader.SquidClassLoader - .class not found for ais.bo.ss.sc
15:59:09.314 [main] DEBUG o.s.j.b.loader.SquidClassLoader - .class not found for ais.bo.ss.sc.st
15:59:09.315 [main] DEBUG o.s.j.b.loader.SquidClassLoader - .class not found for ais.bo.ss.sc.st.SCSTTypStudia
15:59:09.316 [main] DEBUG o.s.j.b.loader.SquidClassLoader - .class not found for ais
15:59:09.316 [main] DEBUG o.s.j.b.loader.SquidClassLoader - .class not found for ais.bo
15:59:09.316 [main] DEBUG o.s.j.b.loader.SquidClassLoader - .class not found for ais.bo.ss
15:59:09.316 [main] DEBUG o.s.j.b.loader.SquidClassLoader - .class not found for ais.bo.ss.so
15:59:09.317 [main] DEBUG o.s.j.b.loader.SquidClassLoader - .class not found for ais.bo.ss.so.ms
15:59:09.317 [main] DEBUG o.s.j.b.loader.SquidClassLoader - .class not found for ais.bo.ss.so.ms.MSMessage
15:59:09.317 [main] DEBUG o.s.j.b.loader.SquidClassLoader - .class not found for ais
15:59:09.317 [main] DEBUG o.s.j.b.loader.SquidClassLoader - .class not found for ais.bo
15:59:09.317 [main] DEBUG o.s.j.b.loader.SquidClassLoader - .class not found for ais.bo.ss
15:59:09.317 [main] DEBUG o.s.j.b.loader.SquidClassLoader - .class not found for ais.bo.ss.so
15:59:09.317 [main] DEBUG o.s.j.b.loader.SquidClassLoader - .class not found for ais.bo.ss.so.ms
15:59:09.318 [main] DEBUG o.s.j.b.loader.SquidClassLoader - .class not found for ais.bo.ss.so.ms.MSMessagePouzivatela
15:59:09.318 [main] DEBUG o.s.j.b.loader.SquidClassLoader - .class not found for ais
15:59:09.318 [main] DEBUG o.s.j.b.loader.SquidClassLoader - .class not found for ais.bo
15:59:09.318 [main] DEBUG o.s.j.b.loader.SquidClassLoader - .class not found for ais.bo.ss
15:59:09.318 [main] DEBUG o.s.j.b.loader.SquidClassLoader - .class not found for ais.bo.ss.so
15:59:09.318 [main] DEBUG o.s.j.b.loader.SquidClassLoader - .class not found for ais.bo.ss.so.ps
15:59:09.319 [main] DEBUG o.s.j.b.loader.SquidClassLoader - .class not found for ais.bo.ss.so.ps.PSParamSysOJ
15:59:09.319 [main] DEBUG o.s.j.b.loader.SquidClassLoader - .class not found for ais
15:59:09.319 [main] DEBUG o.s.j.b.loader.SquidClassLoader - .class not found for ais.bo
15:59:09.319 [main] DEBUG o.s.j.b.loader.SquidClassLoader - .class not found for ais.bo.ss
15:59:09.319 [main] DEBUG o.s.j.b.loader.SquidClassLoader - .class not found for ais.bo.ss.so
15:59:09.321 [main] DEBUG o.s.j.b.loader.SquidClassLoader - .class not found for ais.bo.ss.so.pz
15:59:09.321 [main] DEBUG o.s.j.b.loader.SquidClassLoader - .class not found for ais.bo.ss.so.pz.PZZostava
15:59:09.321 [main] DEBUG o.s.j.b.loader.SquidClassLoader - .class not found for ais
15:59:09.321 [main] DEBUG o.s.j.b.loader.SquidClassLoader - .class not found for ais.bo
15:59:09.321 [main] DEBUG o.s.j.b.loader.SquidClassLoader - .class not found for ais.bo.ss
15:59:09.322 [main] DEBUG o.s.j.b.loader.SquidClassLoader - .class not found for ais.bo.ss.so
15:59:09.322 [main] DEBUG o.s.j.b.loader.SquidClassLoader - .class not found for ais.bo.ss.so.pz
15:59:09.322 [main] DEBUG o.s.j.b.loader.SquidClassLoader - .class not found for ais.bo.ss.so.pz.TemplatePZ
15:59:09.322 [main] DEBUG o.s.j.b.loader.SquidClassLoader - .class not found for ais
15:59:09.322 [main] DEBUG o.s.j.b.loader.SquidClassLoader - .class not found for ais.bo
15:59:09.323 [main] DEBUG o.s.j.b.loader.SquidClassLoader - .class not found for ais.bo.ss
15:59:09.323 [main] DEBUG o.s.j.b.loader.SquidClassLoader - .class not found for ais.bo.ss.sp
15:59:09.323 [main] DEBUG o.s.j.b.loader.SquidClassLoader - .class not found for ais.bo.ss.sp.SPProfilPouzivatela
15:59:09.323 [main] DEBUG o.s.j.b.loader.SquidClassLoader - .class not found for ais
15:59:09.323 [main] DEBUG o.s.j.b.loader.SquidClassLoader - .class not found for ais.bo
15:59:09.323 [main] DEBUG o.s.j.b.loader.SquidClassLoader - .class not found for ais.bo.vs
15:59:09.323 [main] DEBUG o.s.j.b.loader.SquidClassLoader - .class not found for ais.bo.vs.es
15:59:09.324 [main] DEBUG o.s.j.b.loader.SquidClassLoader - .class not found for ais.bo.vs.es.ESMnozinaStudii
15:59:09.324 [main] DEBUG o.s.j.b.loader.SquidClassLoader - .class not found for ais
15:59:09.324 [main] DEBUG o.s.j.b.loader.SquidClassLoader - .class not found for ais.bo
15:59:09.324 [main] DEBUG o.s.j.b.loader.SquidClassLoader - .class not found for ais.bo.vs
15:59:09.324 [main] DEBUG o.s.j.b.loader.SquidClassLoader - .class not found for ais.bo.vs.es
15:59:09.324 [main] DEBUG o.s.j.b.loader.SquidClassLoader - .class not found for ais.bo.vs.es.ESStudium
15:59:09.324 [main] DEBUG o.s.j.b.loader.SquidClassLoader - .class not found for ais
15:59:09.324 [main] DEBUG o.s.j.b.loader.SquidClassLoader - .class not found for ais.bo
15:59:09.325 [main] DEBUG o.s.j.b.loader.SquidClassLoader - .class not found for ais.bo.vs
15:59:09.325 [main] DEBUG o.s.j.b.loader.SquidClassLoader - .class not found for ais.bo.vs.es
15:59:09.325 [main] DEBUG o.s.j.b.loader.SquidClassLoader - .class not found for ais.bo.vs.es.ESZapisnyList
15:59:09.325 [main] DEBUG o.s.j.b.loader.SquidClassLoader - .class not found for ais
15:59:09.325 [main] DEBUG o.s.j.b.loader.SquidClassLoader - .class not found for ais.bo
15:59:09.325 [main] DEBUG o.s.j.b.loader.SquidClassLoader - .class not found for ais.bo.vs
15:59:09.325 [main] DEBUG o.s.j.b.loader.SquidClassLoader - .class not found for ais.bo.vs.st
15:59:09.325 [main] DEBUG o.s.j.b.loader.SquidClassLoader - .class not found for ais.bo.vs.st.STCinnostSPOJ
15:59:09.325 [main] DEBUG o.s.j.b.loader.SquidClassLoader - .class not found for ais
15:59:09.326 [main] DEBUG o.s.j.b.loader.SquidClassLoader - .class not found for ais.bo
15:59:09.326 [main] DEBUG o.s.j.b.loader.SquidClassLoader - .class not found for ais.bo.vs
15:59:09.326 [main] DEBUG o.s.j.b.loader.SquidClassLoader - .class not found for ais.bo.vs.st
15:59:09.326 [main] DEBUG o.s.j.b.loader.SquidClassLoader - .class not found for ais.bo.vs.st.STJazykPredmet
15:59:09.326 [main] DEBUG o.s.j.b.loader.SquidClassLoader - .class not found for ais
15:59:09.326 [main] DEBUG o.s.j.b.loader.SquidClassLoader - .class not found for ais.bo
15:59:09.326 [main] DEBUG o.s.j.b.loader.SquidClassLoader - .class not found for ais.bo.vs
15:59:09.327 [main] DEBUG o.s.j.b.loader.SquidClassLoader - .class not found for ais.bo.vs.st
15:59:09.327 [main] DEBUG o.s.j.b.loader.SquidClassLoader - .class not found for ais.bo.vs.st.STPredmetRok
15:59:09.327 [main] DEBUG o.s.j.b.loader.SquidClassLoader - .class not found for ais
15:59:09.327 [main] DEBUG o.s.j.b.loader.SquidClassLoader - .class not found for ais.gui
15:59:09.327 [main] DEBUG o.s.j.b.loader.SquidClassLoader - .class not found for ais.gui.common
15:59:09.328 [main] DEBUG o.s.j.b.loader.SquidClassLoader - .class not found for ais.gui.common.print
15:59:09.328 [main] DEBUG o.s.j.b.loader.SquidClassLoader - .class not found for ais.gui.common.print.PrintUtils
15:59:09.329 [main] DEBUG o.s.j.b.loader.SquidClassLoader - .class not found for ais
15:59:09.329 [main] DEBUG o.s.j.b.loader.SquidClassLoader - .class not found for ais.gui
15:59:09.330 [main] DEBUG o.s.j.b.loader.SquidClassLoader - .class not found for ais.gui.common
15:59:09.330 [main] DEBUG o.s.j.b.loader.SquidClassLoader - .class not found for ais.gui.common.print
15:59:09.330 [main] DEBUG o.s.j.b.loader.SquidClassLoader - .class not found for ais.gui.common.print.TransformationService
15:59:09.331 [main] DEBUG o.s.j.b.loader.SquidClassLoader - .class not found for ais
15:59:09.331 [main] DEBUG o.s.j.b.loader.SquidClassLoader - .class not found for ais.sys
15:59:09.331 [main] DEBUG o.s.j.b.loader.SquidClassLoader - .class not found for ais.sys.AisAppException
15:59:09.332 [main] DEBUG o.s.j.b.loader.SquidClassLoader - .class not found for ais
15:59:09.332 [main] DEBUG o.s.j.b.loader.SquidClassLoader - .class not found for ais.sys
15:59:09.332 [main] DEBUG o.s.j.b.loader.SquidClassLoader - .class not found for ais.sys.AisApplicationContext
15:59:09.333 [main] DEBUG o.s.j.b.loader.SquidClassLoader - .class not found for ais
15:59:09.333 [main] DEBUG o.s.j.b.loader.SquidClassLoader - .class not found for ais.sys
15:59:09.333 [main] DEBUG o.s.j.b.loader.SquidClassLoader - .class not found for ais.sys.Globals
15:59:09.333 [main] DEBUG o.s.j.b.loader.SquidClassLoader - .class not found for ais
15:59:09.334 [main] DEBUG o.s.j.b.loader.SquidClassLoader - .class not found for ais.utils
15:59:09.334 [main] DEBUG o.s.j.b.loader.SquidClassLoader - .class not found for ais.utils.DateTimeFormater
15:59:09.334 [main] DEBUG o.s.j.b.loader.SquidClassLoader - .class not found for avc
15:59:09.334 [main] DEBUG o.s.j.b.loader.SquidClassLoader - .class not found for avc.ui
15:59:09.334 [main] DEBUG o.s.j.b.loader.SquidClassLoader - .class not found for avc.ui.AVCException
15:59:09.335 [main] DEBUG o.s.j.b.loader.SquidClassLoader - .class not found for avc
15:59:09.335 [main] DEBUG o.s.j.b.loader.SquidClassLoader - .class not found for avc.ui
15:59:09.335 [main] DEBUG o.s.j.b.loader.SquidClassLoader - .class not found for avc.ui.list
15:59:09.335 [main] DEBUG o.s.j.b.loader.SquidClassLoader - .class not found for avc.ui.list.AVCAbstractArrayListModel
15:59:09.335 [main] DEBUG o.s.j.b.loader.SquidClassLoader - .class not found for base
15:59:09.335 [main] DEBUG o.s.j.b.loader.SquidClassLoader - .class not found for base.Columns
15:59:09.336 [main] DEBUG o.s.j.b.loader.SquidClassLoader - .class not found for base
15:59:09.336 [main] DEBUG o.s.j.b.loader.SquidClassLoader - .class not found for base.Filter
15:59:09.336 [main] DEBUG o.s.j.b.loader.SquidClassLoader - .class not found for base
15:59:09.336 [main] DEBUG o.s.j.b.loader.SquidClassLoader - .class not found for base.JoinTree
15:59:09.336 [main] DEBUG o.s.j.b.loader.SquidClassLoader - .class not found for base
15:59:09.336 [main] DEBUG o.s.j.b.loader.SquidClassLoader - .class not found for base.NestedException
15:59:09.337 [main] DEBUG o.s.j.b.loader.SquidClassLoader - .class not found for base
15:59:09.337 [main] DEBUG o.s.j.b.loader.SquidClassLoader - .class not found for base.Ordering
15:59:09.337 [main] DEBUG o.s.j.b.loader.SquidClassLoader - .class not found for base
15:59:09.337 [main] DEBUG o.s.j.b.loader.SquidClassLoader - .class not found for base.mm
15:59:09.337 [main] DEBUG o.s.j.b.loader.SquidClassLoader - .class not found for base.mm.Attribute
15:59:09.337 [main] DEBUG o.s.j.b.loader.SquidClassLoader - .class not found for base
15:59:09.338 [main] DEBUG o.s.j.b.loader.SquidClassLoader - .class not found for base.ps
15:59:09.338 [main] DEBUG o.s.j.b.loader.SquidClassLoader - .class not found for base.ps.BarSpec
15:59:09.338 [main] DEBUG o.s.j.b.loader.SquidClassLoader - .class not found for base
15:59:09.338 [main] DEBUG o.s.j.b.loader.SquidClassLoader - .class not found for base.ps
15:59:09.338 [main] DEBUG o.s.j.b.loader.SquidClassLoader - .class not found for base.ps.EmptySpec
15:59:09.338 [main] DEBUG o.s.j.b.loader.SquidClassLoader - .class not found for base
15:59:09.339 [main] DEBUG o.s.j.b.loader.SquidClassLoader - .class not found for base.ps
15:59:09.339 [main] DEBUG o.s.j.b.loader.SquidClassLoader - .class not found for base.ps.JoinTreeBuilder
15:59:09.339 [main] DEBUG o.s.j.b.loader.SquidClassLoader - .class not found for base
15:59:09.339 [main] DEBUG o.s.j.b.loader.SquidClassLoader - .class not found for base.ps
15:59:09.339 [main] DEBUG o.s.j.b.loader.SquidClassLoader - .class not found for base.ps.PSException
15:59:09.340 [main] DEBUG o.s.j.b.loader.SquidClassLoader - .class not found for base
15:59:09.340 [main] DEBUG o.s.j.b.loader.SquidClassLoader - .class not found for base.ps
15:59:09.340 [main] DEBUG o.s.j.b.loader.SquidClassLoader - .class not found for base.ps.ReadOnlyPersistentService
15:59:09.340 [main] DEBUG o.s.j.b.loader.SquidClassLoader - .class not found for base
15:59:09.340 [main] DEBUG o.s.j.b.loader.SquidClassLoader - .class not found for base.so
15:59:09.340 [main] DEBUG o.s.j.b.loader.SquidClassLoader - .class not found for base.so.AppException
15:59:09.340 [main] DEBUG o.s.j.b.loader.SquidClassLoader - .class not found for base
15:59:09.340 [main] DEBUG o.s.j.b.loader.SquidClassLoader - .class not found for base.util
15:59:09.341 [main] DEBUG o.s.j.b.loader.SquidClassLoader - .class not found for base.util.ArrayUtils
15:59:09.341 [main] DEBUG o.s.j.b.loader.SquidClassLoader - .class not found for base
15:59:09.341 [main] DEBUG o.s.j.b.loader.SquidClassLoader - .class not found for base.util
15:59:09.341 [main] DEBUG o.s.j.b.loader.SquidClassLoader - .class not found for base.util.DateUtils
15:59:09.341 [main] DEBUG o.s.j.b.loader.SquidClassLoader - .class not found for base
15:59:09.341 [main] DEBUG o.s.j.b.loader.SquidClassLoader - .class not found for base.util
15:59:09.341 [main] DEBUG o.s.j.b.loader.SquidClassLoader - .class not found for base.util.StringUtils
15:59:09.399 [main] DEBUG o.s.j.b.loader.SquidClassLoader - .class not found for ais.gui.common.String
15:59:09.399 [main] DEBUG o.s.j.b.loader.SquidClassLoader - .class not found for java.lang.package-info
15:59:09.399 [main] DEBUG o.s.j.b.loader.SquidClassLoader - .class not found for java.lang.Synthetic$String
15:59:09.399 [main] DEBUG o.s.j.b.loader.SquidClassLoader - .class not found for ais.gui.common.String
15:59:09.399 [main] DEBUG o.s.j.b.loader.SquidClassLoader - .class not found for java.lang.Synthetic$String
15:59:09.399 [main] DEBUG o.s.j.b.loader.SquidClassLoader - .class not found for ais.gui.common.String
15:59:09.399 [main] DEBUG o.s.j.b.loader.SquidClassLoader - .class not found for java.lang.Synthetic$String
15:59:09.400 [main] DEBUG o.s.j.b.loader.SquidClassLoader - .class not found for ais.gui.common.String
15:59:09.400 [main] DEBUG o.s.j.b.loader.SquidClassLoader - .class not found for java.lang.Synthetic$String
15:59:09.400 [main] DEBUG o.s.j.b.loader.SquidClassLoader - .class not found for ais.gui.common.String
15:59:09.400 [main] DEBUG o.s.j.b.loader.SquidClassLoader - .class not found for java.lang.Synthetic$String
15:59:09.400 [main] DEBUG o.s.j.b.loader.SquidClassLoader - .class not found for ais.gui.common.String
15:59:09.400 [main] DEBUG o.s.j.b.loader.SquidClassLoader - .class not found for java.lang.Synthetic$String
15:59:09.400 [main] DEBUG o.s.j.b.loader.SquidClassLoader - .class not found for ais.gui.common.AisApp
15:59:09.400 [main] DEBUG o.s.j.b.loader.SquidClassLoader - .class not found for java.lang.AisApp
15:59:09.401 [main] DEBUG o.s.j.b.loader.SquidClassLoader - .class not found for java.lang.Synthetic$AisApp
15:59:09.401 [main] DEBUG o.s.j.b.loader.SquidClassLoader - .class not found for ais.gui.common.ESStudium
15:59:09.401 [main] DEBUG o.s.j.b.loader.SquidClassLoader - .class not found for java.lang.ESStudium
15:59:09.401 [main] DEBUG o.s.j.b.loader.SquidClassLoader - .class not found for java.lang.Synthetic$ESStudium
15:59:09.401 [main] DEBUG o.s.j.b.loader.SquidClassLoader - .class not found for ais.gui.common.NestedException
15:59:09.401 [main] DEBUG o.s.j.b.loader.SquidClassLoader - .class not found for java.lang.NestedException
15:59:09.401 [main] DEBUG o.s.j.b.loader.SquidClassLoader - .class not found for java.lang.Synthetic$NestedException
15:59:09.402 [main] DEBUG o.s.j.b.loader.SquidClassLoader - .class not found for ais.gui.common.NestedException
15:59:09.402 [main] DEBUG o.s.j.b.loader.SquidClassLoader - .class not found for java.lang.NestedException
15:59:09.402 [main] DEBUG o.s.j.b.loader.SquidClassLoader - .class not found for java.lang.Synthetic$NestedException
15:59:09.402 [main] DEBUG o.s.j.b.loader.SquidClassLoader - .class not found for ais.gui.common.String
15:59:09.402 [main] DEBUG o.s.j.b.loader.SquidClassLoader - .class not found for java.lang.Synthetic$String
15:59:09.402 [main] DEBUG o.s.j.b.loader.SquidClassLoader - .class not found for ais.gui.common.AisApp
15:59:09.403 [main] DEBUG o.s.j.b.loader.SquidClassLoader - .class not found for java.lang.AisApp
15:59:09.403 [main] DEBUG o.s.j.b.loader.SquidClassLoader - .class not found for java.lang.Synthetic$AisApp
15:59:09.403 [main] DEBUG o.s.j.b.loader.SquidClassLoader - .class not found for ais.gui.common.ESZapisnyList
15:59:09.403 [main] DEBUG o.s.j.b.loader.SquidClassLoader - .class not found for java.lang.ESZapisnyList
15:59:09.403 [main] DEBUG o.s.j.b.loader.SquidClassLoader - .class not found for java.lang.Synthetic$ESZapisnyList
15:59:09.403 [main] DEBUG o.s.j.b.loader.SquidClassLoader - .class not found for ais.gui.common.String
15:59:09.403 [main] DEBUG o.s.j.b.loader.SquidClassLoader - .class not found for java.lang.Synthetic$String
15:59:09.404 [main] DEBUG o.s.j.b.loader.SquidClassLoader - .class not found for ais.gui.common.StringBuffer
15:59:09.404 [main] DEBUG o.s.j.b.loader.SquidClassLoader - .class not found for java.lang.Synthetic$StringBuffer
15:59:09.404 [main] DEBUG o.s.j.b.loader.SquidClassLoader - .class not found for ais.gui.common.SCSTStudProgram
15:59:09.404 [main] DEBUG o.s.j.b.loader.SquidClassLoader - .class not found for java.lang.SCSTStudProgram
15:59:09.404 [main] DEBUG o.s.j.b.loader.SquidClassLoader - .class not found for java.lang.Synthetic$SCSTStudProgram
15:59:09.405 [main] DEBUG o.s.j.b.loader.SquidClassLoader - .class not found for ais.gui.common.String
15:59:09.405 [main] DEBUG o.s.j.b.loader.SquidClassLoader - .class not found for java.lang.Synthetic$String
15:59:09.405 [main] DEBUG o.s.j.b.loader.SquidClassLoader - .class not found for ais.gui.common.AisApp
15:59:09.405 [main] DEBUG o.s.j.b.loader.SquidClassLoader - .class not found for java.lang.AisApp
15:59:09.405 [main] DEBUG o.s.j.b.loader.SquidClassLoader - .class not found for java.lang.Synthetic$AisApp
15:59:09.405 [main] DEBUG o.s.j.b.loader.SquidClassLoader - .class not found for ais.gui.common.ESMnozinaStudii
15:59:09.405 [main] DEBUG o.s.j.b.loader.SquidClassLoader - .class not found for java.lang.ESMnozinaStudii
15:59:09.405 [main] DEBUG o.s.j.b.loader.SquidClassLoader - .class not found for java.lang.Synthetic$ESMnozinaStudii
15:59:09.405 [main] DEBUG o.s.j.b.loader.SquidClassLoader - .class not found for ais.gui.common.String
15:59:09.405 [main] DEBUG o.s.j.b.loader.SquidClassLoader - .class not found for java.lang.Synthetic$String
15:59:09.406 [main] DEBUG o.s.j.b.loader.SquidClassLoader - .class not found for ais.gui.common.String
15:59:09.406 [main] DEBUG o.s.j.b.loader.SquidClassLoader - .class not found for java.lang.Synthetic$String
15:59:09.406 [main] DEBUG o.s.j.b.loader.SquidClassLoader - .class not found for ais.gui.common.AisApp
15:59:09.406 [main] DEBUG o.s.j.b.loader.SquidClassLoader - .class not found for java.lang.AisApp
15:59:09.406 [main] DEBUG o.s.j.b.loader.SquidClassLoader - .class not found for java.lang.Synthetic$AisApp
15:59:09.406 [main] DEBUG o.s.j.b.loader.SquidClassLoader - .class not found for ais.gui.common.String
15:59:09.406 [main] DEBUG o.s.j.b.loader.SquidClassLoader - .class not found for java.lang.Synthetic$String
15:59:09.406 [main] DEBUG o.s.j.b.loader.SquidClassLoader - .class not found for ais.gui.common.String
15:59:09.407 [main] DEBUG o.s.j.b.loader.SquidClassLoader - .class not found for java.lang.Synthetic$String
15:59:09.407 [main] DEBUG o.s.j.b.loader.SquidClassLoader - .class not found for ais.gui.common.AisApp
15:59:09.407 [main] DEBUG o.s.j.b.loader.SquidClassLoader - .class not found for java.lang.AisApp
15:59:09.407 [main] DEBUG o.s.j.b.loader.SquidClassLoader - .class not found for java.lang.Synthetic$AisApp
15:59:09.407 [main] DEBUG o.s.j.b.loader.SquidClassLoader - .class not found for ais.gui.common.SPProfilPouzivatela
15:59:09.407 [main] DEBUG o.s.j.b.loader.SquidClassLoader - .class not found for java.lang.SPProfilPouzivatela
15:59:09.407 [main] DEBUG o.s.j.b.loader.SquidClassLoader - .class not found for java.lang.Synthetic$SPProfilPouzivatela
15:59:09.407 [main] DEBUG o.s.j.b.loader.SquidClassLoader - .class not found for ais.gui.common.String
15:59:09.407 [main] DEBUG o.s.j.b.loader.SquidClassLoader - .class not found for java.lang.Synthetic$String
15:59:09.408 [main] DEBUG o.s.j.b.loader.SquidClassLoader - .class not found for ais.gui.common.SPProfilPouzivatela
15:59:09.408 [main] DEBUG o.s.j.b.loader.SquidClassLoader - .class not found for java.lang.SPProfilPouzivatela
15:59:09.408 [main] DEBUG o.s.j.b.loader.SquidClassLoader - .class not found for java.lang.Synthetic$SPProfilPouzivatela
15:59:09.408 [main] DEBUG o.s.j.b.loader.SquidClassLoader - .class not found for ais.gui.common.AppException
15:59:09.408 [main] DEBUG o.s.j.b.loader.SquidClassLoader - .class not found for java.lang.AppException
15:59:09.408 [main] DEBUG o.s.j.b.loader.SquidClassLoader - .class not found for java.lang.Synthetic$AppException
15:59:09.408 [main] DEBUG o.s.j.b.loader.SquidClassLoader - .class not found for ais.gui.common.SCPWOrgJednotka
15:59:09.408 [main] DEBUG o.s.j.b.loader.SquidClassLoader - .class not found for java.lang.SCPWOrgJednotka
15:59:09.408 [main] DEBUG o.s.j.b.loader.SquidClassLoader - .class not found for java.lang.Synthetic$SCPWOrgJednotka
15:59:09.408 [main] DEBUG o.s.j.b.loader.SquidClassLoader - .class not found for ais.gui.common.AisApp
15:59:09.409 [main] DEBUG o.s.j.b.loader.SquidClassLoader - .class not found for java.lang.AisApp
15:59:09.409 [main] DEBUG o.s.j.b.loader.SquidClassLoader - .class not found for java.lang.Synthetic$AisApp
15:59:09.409 [main] DEBUG o.s.j.b.loader.SquidClassLoader - .class not found for ais.gui.common.AppException
15:59:09.409 [main] DEBUG o.s.j.b.loader.SquidClassLoader - .class not found for java.lang.AppException
15:59:09.409 [main] DEBUG o.s.j.b.loader.SquidClassLoader - .class not found for java.lang.Synthetic$AppException
15:59:09.409 [main] DEBUG o.s.j.b.loader.SquidClassLoader - .class not found for ais.gui.common.SCPWOrgJednotka
15:59:09.409 [main] DEBUG o.s.j.b.loader.SquidClassLoader - .class not found for java.lang.SCPWOrgJednotka
15:59:09.409 [main] DEBUG o.s.j.b.loader.SquidClassLoader - .class not found for java.lang.Synthetic$SCPWOrgJednotka
15:59:09.410 [main] DEBUG o.s.j.b.loader.SquidClassLoader - .class not found for ais.gui.common.AisApp
15:59:09.410 [main] DEBUG o.s.j.b.loader.SquidClassLoader - .class not found for java.lang.AisApp
15:59:09.410 [main] DEBUG o.s.j.b.loader.SquidClassLoader - .class not found for java.lang.Synthetic$AisApp
15:59:09.410 [main] DEBUG o.s.j.b.loader.SquidClassLoader - .class not found for ais.gui.common.SCPWOrgJednotka
15:59:09.410 [main] DEBUG o.s.j.b.loader.SquidClassLoader - .class not found for java.lang.SCPWOrgJednotka
15:59:09.410 [main] DEBUG o.s.j.b.loader.SquidClassLoader - .class not found for java.lang.Synthetic$SCPWOrgJednotka
15:59:09.410 [main] DEBUG o.s.j.b.loader.SquidClassLoader - .class not found for ais.gui.common.String
15:59:09.410 [main] DEBUG o.s.j.b.loader.SquidClassLoader - .class not found for java.lang.Synthetic$String
15:59:09.411 [main] DEBUG o.s.j.b.loader.SquidClassLoader - .class not found for ais.gui.common.AppException
15:59:09.411 [main] DEBUG o.s.j.b.loader.SquidClassLoader - .class not found for java.lang.AppException
15:59:09.411 [main] DEBUG o.s.j.b.loader.SquidClassLoader - .class not found for java.lang.Synthetic$AppException
15:59:09.411 [main] DEBUG o.s.j.b.loader.SquidClassLoader - .class not found for ais.gui.common.SCPWOrgJednotka
15:59:09.411 [main] DEBUG o.s.j.b.loader.SquidClassLoader - .class not found for java.lang.SCPWOrgJednotka
15:59:09.411 [main] DEBUG o.s.j.b.loader.SquidClassLoader - .class not found for java.lang.Synthetic$SCPWOrgJednotka
15:59:09.412 [main] DEBUG o.s.j.b.loader.SquidClassLoader - .class not found for ais.gui.common.AisApp
15:59:09.412 [main] DEBUG o.s.j.b.loader.SquidClassLoader - .class not found for java.lang.AisApp
15:59:09.412 [main] DEBUG o.s.j.b.loader.SquidClassLoader - .class not found for java.lang.Synthetic$AisApp
15:59:09.412 [main] DEBUG o.s.j.b.loader.SquidClassLoader - .class not found for ais.gui.common.String
15:59:09.412 [main] DEBUG o.s.j.b.loader.SquidClassLoader - .class not found for java.lang.Synthetic$String
15:59:09.413 [main] DEBUG o.s.j.b.loader.SquidClassLoader - .class not found for ais.gui.common.String
15:59:09.413 [main] DEBUG o.s.j.b.loader.SquidClassLoader - .class not found for java.lang.Synthetic$String
15:59:09.413 [main] DEBUG o.s.j.b.loader.SquidClassLoader - .class not found for ais.gui.common.Filter
15:59:09.413 [main] DEBUG o.s.j.b.loader.SquidClassLoader - .class not found for java.lang.Filter
15:59:09.413 [main] DEBUG o.s.j.b.loader.SquidClassLoader - .class not found for java.lang.Synthetic$Filter
15:59:09.413 [main] DEBUG o.s.j.b.loader.SquidClassLoader - .class not found for ais.gui.common.SCPWOrgJednotka
15:59:09.414 [main] DEBUG o.s.j.b.loader.SquidClassLoader - .class not found for java.lang.SCPWOrgJednotka
15:59:09.414 [main] DEBUG o.s.j.b.loader.SquidClassLoader - .class not found for java.lang.Synthetic$SCPWOrgJednotka
15:59:09.414 [main] DEBUG o.s.j.b.loader.SquidClassLoader - .class not found for ais.gui.common.Ordering
15:59:09.414 [main] DEBUG o.s.j.b.loader.SquidClassLoader - .class not found for java.lang.Ordering
15:59:09.414 [main] DEBUG o.s.j.b.loader.SquidClassLoader - .class not found for java.lang.Synthetic$Ordering
15:59:09.414 [main] DEBUG o.s.j.b.loader.SquidClassLoader - .class not found for ais.gui.common.Filter
15:59:09.414 [main] DEBUG o.s.j.b.loader.SquidClassLoader - .class not found for java.lang.Filter
15:59:09.414 [main] DEBUG o.s.j.b.loader.SquidClassLoader - .class not found for java.lang.Synthetic$Filter
15:59:09.414 [main] DEBUG o.s.j.b.loader.SquidClassLoader - .class not found for ais.gui.common.SCPWOrgJednotka
15:59:09.415 [main] DEBUG o.s.j.b.loader.SquidClassLoader - .class not found for java.lang.SCPWOrgJednotka
15:59:09.415 [main] DEBUG o.s.j.b.loader.SquidClassLoader - .class not found for java.lang.Synthetic$SCPWOrgJednotka
15:59:09.415 [main] DEBUG o.s.j.b.loader.SquidClassLoader - .class not found for ais.gui.common.PSException
15:59:09.415 [main] DEBUG o.s.j.b.loader.SquidClassLoader - .class not found for java.lang.PSException
15:59:09.415 [main] DEBUG o.s.j.b.loader.SquidClassLoader - .class not found for java.lang.Synthetic$PSException
15:59:09.415 [main] DEBUG o.s.j.b.loader.SquidClassLoader - .class not found for ais.gui.common.NestedException
15:59:09.415 [main] DEBUG o.s.j.b.loader.SquidClassLoader - .class not found for java.lang.NestedException
15:59:09.416 [main] DEBUG o.s.j.b.loader.SquidClassLoader - .class not found for java.lang.Synthetic$NestedException
15:59:09.416 [main] DEBUG o.s.j.b.loader.SquidClassLoader - .class not found for ais.gui.common.SCPWOrgJednotka
15:59:09.416 [main] DEBUG o.s.j.b.loader.SquidClassLoader - .class not found for java.lang.SCPWOrgJednotka
15:59:09.416 [main] DEBUG o.s.j.b.loader.SquidClassLoader - .class not found for java.lang.Synthetic$SCPWOrgJednotka
15:59:09.416 [main] DEBUG o.s.j.b.loader.SquidClassLoader - .class not found for ais.gui.common.AisApp
15:59:09.416 [main] DEBUG o.s.j.b.loader.SquidClassLoader - .class not found for java.lang.AisApp
15:59:09.417 [main] DEBUG o.s.j.b.loader.SquidClassLoader - .class not found for java.lang.Synthetic$AisApp
15:59:09.417 [main] DEBUG o.s.j.b.loader.SquidClassLoader - .class not found for ais.gui.common.String
15:59:09.417 [main] DEBUG o.s.j.b.loader.SquidClassLoader - .class not found for java.lang.Synthetic$String
15:59:09.417 [main] DEBUG o.s.j.b.loader.SquidClassLoader - .class not found for ais.gui.common.Filter
15:59:09.418 [main] DEBUG o.s.j.b.loader.SquidClassLoader - .class not found for java.lang.Filter
15:59:09.418 [main] DEBUG o.s.j.b.loader.SquidClassLoader - .class not found for java.lang.Synthetic$Filter
15:59:09.418 [main] DEBUG o.s.j.b.loader.SquidClassLoader - .class not found for ais.gui.common.PSException
15:59:09.418 [main] DEBUG o.s.j.b.loader.SquidClassLoader - .class not found for java.lang.PSException
15:59:09.418 [main] DEBUG o.s.j.b.loader.SquidClassLoader - .class not found for java.lang.Synthetic$PSException
15:59:09.418 [main] DEBUG o.s.j.b.loader.SquidClassLoader - .class not found for ais.gui.common.NestedException
15:59:09.419 [main] DEBUG o.s.j.b.loader.SquidClassLoader - .class not found for java.lang.NestedException
15:59:09.419 [main] DEBUG o.s.j.b.loader.SquidClassLoader - .class not found for java.lang.Synthetic$NestedException
15:59:09.419 [main] DEBUG o.s.j.b.loader.SquidClassLoader - .class not found for ais.gui.common.SCPWOrgJednotka
15:59:09.419 [main] DEBUG o.s.j.b.loader.SquidClassLoader - .class not found for java.lang.SCPWOrgJednotka
15:59:09.419 [main] DEBUG o.s.j.b.loader.SquidClassLoader - .class not found for java.lang.Synthetic$SCPWOrgJednotka
15:59:09.420 [main] DEBUG o.s.j.b.loader.SquidClassLoader - .class not found for ais.gui.common.AisApp
15:59:09.420 [main] DEBUG o.s.j.b.loader.SquidClassLoader - .class not found for java.lang.AisApp
15:59:09.420 [main] DEBUG o.s.j.b.loader.SquidClassLoader - .class not found for java.lang.Synthetic$AisApp
15:59:09.420 [main] DEBUG o.s.j.b.loader.SquidClassLoader - .class not found for ais.gui.common.String
15:59:09.420 [main] DEBUG o.s.j.b.loader.SquidClassLoader - .class not found for java.lang.Synthetic$String
15:59:09.420 [main] DEBUG o.s.j.b.loader.SquidClassLoader - .class not found for ais.gui.common.NestedException
15:59:09.420 [main] DEBUG o.s.j.b.loader.SquidClassLoader - .class not found for java.lang.NestedException
15:59:09.420 [main] DEBUG o.s.j.b.loader.SquidClassLoader - .class not found for java.lang.Synthetic$NestedException
15:59:09.421 [main] DEBUG o.s.j.b.loader.SquidClassLoader - .class not found for ais.gui.common.SCPWOrgJednotka
15:59:09.421 [main] DEBUG o.s.j.b.loader.SquidClassLoader - .class not found for java.lang.SCPWOrgJednotka
15:59:09.421 [main] DEBUG o.s.j.b.loader.SquidClassLoader - .class not found for java.lang.Synthetic$SCPWOrgJednotka
15:59:09.421 [main] DEBUG o.s.j.b.loader.SquidClassLoader - .class not found for ais.gui.common.AisApp
15:59:09.421 [main] DEBUG o.s.j.b.loader.SquidClassLoader - .class not found for java.lang.AisApp
15:59:09.421 [main] DEBUG o.s.j.b.loader.SquidClassLoader - .class not found for java.lang.Synthetic$AisApp
15:59:09.421 [main] DEBUG o.s.j.b.loader.SquidClassLoader - .class not found for ais.gui.common.SPProfilPouzivatela
15:59:09.421 [main] DEBUG o.s.j.b.loader.SquidClassLoader - .class not found for java.lang.SPProfilPouzivatela
15:59:09.421 [main] DEBUG o.s.j.b.loader.SquidClassLoader - .class not found for java.lang.Synthetic$SPProfilPouzivatela
15:59:09.423 [main] DEBUG o.s.j.b.loader.SquidClassLoader - .class not found for ais.gui.common.String
15:59:09.423 [main] DEBUG o.s.j.b.loader.SquidClassLoader - .class not found for java.lang.Synthetic$String
15:59:09.423 [main] DEBUG o.s.j.b.loader.SquidClassLoader - .class not found for ais.gui.common.SPProfilPouzivatela
15:59:09.423 [main] DEBUG o.s.j.b.loader.SquidClassLoader - .class not found for java.lang.SPProfilPouzivatela
15:59:09.423 [main] DEBUG o.s.j.b.loader.SquidClassLoader - .class not found for java.lang.Synthetic$SPProfilPouzivatela
15:59:09.424 [main] DEBUG o.s.j.b.loader.SquidClassLoader - .class not found for ais.gui.common.AppException
15:59:09.424 [main] DEBUG o.s.j.b.loader.SquidClassLoader - .class not found for java.lang.AppException
15:59:09.424 [main] DEBUG o.s.j.b.loader.SquidClassLoader - .class not found for java.lang.Synthetic$AppException
15:59:09.424 [main] DEBUG o.s.j.b.loader.SquidClassLoader - .class not found for ais.gui.common.SCPWOrgJednotka
15:59:09.424 [main] DEBUG o.s.j.b.loader.SquidClassLoader - .class not found for java.lang.SCPWOrgJednotka
15:59:09.424 [main] DEBUG o.s.j.b.loader.SquidClassLoader - .class not found for java.lang.Synthetic$SCPWOrgJednotka
15:59:09.424 [main] DEBUG o.s.j.b.loader.SquidClassLoader - .class not found for ais.gui.common.AisApp
15:59:09.424 [main] DEBUG o.s.j.b.loader.SquidClassLoader - .class not found for java.lang.AisApp
15:59:09.424 [main] DEBUG o.s.j.b.loader.SquidClassLoader - .class not found for java.lang.Synthetic$AisApp
15:59:09.425 [main] DEBUG o.s.j.b.loader.SquidClassLoader - .class not found for ais.gui.common.String
15:59:09.425 [main] DEBUG o.s.j.b.loader.SquidClassLoader - .class not found for java.lang.Synthetic$String
15:59:09.425 [main] DEBUG o.s.j.b.loader.SquidClassLoader - .class not found for ais.gui.common.String
15:59:09.425 [main] DEBUG o.s.j.b.loader.SquidClassLoader - .class not found for java.lang.Synthetic$String
15:59:09.425 [main] DEBUG o.s.j.b.loader.SquidClassLoader - .class not found for ais.gui.common.Filter
15:59:09.425 [main] DEBUG o.s.j.b.loader.SquidClassLoader - .class not found for java.lang.Filter
15:59:09.425 [main] DEBUG o.s.j.b.loader.SquidClassLoader - .class not found for java.lang.Synthetic$Filter
15:59:09.425 [main] DEBUG o.s.j.b.loader.SquidClassLoader - .class not found for ais.gui.common.Ordering
15:59:09.426 [main] DEBUG o.s.j.b.loader.SquidClassLoader - .class not found for java.lang.Ordering
15:59:09.426 [main] DEBUG o.s.j.b.loader.SquidClassLoader - .class not found for java.lang.Synthetic$Ordering
15:59:09.426 [main] DEBUG o.s.j.b.loader.SquidClassLoader - .class not found for ais.gui.common.PSException
15:59:09.426 [main] DEBUG o.s.j.b.loader.SquidClassLoader - .class not found for java.lang.PSException
15:59:09.426 [main] DEBUG o.s.j.b.loader.SquidClassLoader - .class not found for java.lang.Synthetic$PSException
15:59:09.426 [main] DEBUG o.s.j.b.loader.SquidClassLoader - .class not found for ais.gui.common.AppException
15:59:09.427 [main] DEBUG o.s.j.b.loader.SquidClassLoader - .class not found for java.lang.AppException
15:59:09.427 [main] DEBUG o.s.j.b.loader.SquidClassLoader - .class not found for java.lang.Synthetic$AppException
15:59:09.427 [main] DEBUG o.s.j.b.loader.SquidClassLoader - .class not found for ais.gui.common.SCPWOrgJednotka
15:59:09.427 [main] DEBUG o.s.j.b.loader.SquidClassLoader - .class not found for java.lang.SCPWOrgJednotka
15:59:09.428 [main] DEBUG o.s.j.b.loader.SquidClassLoader - .class not found for java.lang.Synthetic$SCPWOrgJednotka
15:59:09.428 [main] DEBUG o.s.j.b.loader.SquidClassLoader - .class not found for ais.gui.common.AisApp
15:59:09.428 [main] DEBUG o.s.j.b.loader.SquidClassLoader - .class not found for java.lang.AisApp
15:59:09.429 [main] DEBUG o.s.j.b.loader.SquidClassLoader - .class not found for java.lang.Synthetic$AisApp
15:59:09.430 [main] DEBUG o.s.j.b.loader.SquidClassLoader - .class not found for ais.gui.common.String
15:59:09.430 [main] DEBUG o.s.j.b.loader.SquidClassLoader - .class not found for java.lang.Synthetic$String
15:59:09.430 [main] DEBUG o.s.j.b.loader.SquidClassLoader - .class not found for ais.gui.common.String
15:59:09.430 [main] DEBUG o.s.j.b.loader.SquidClassLoader - .class not found for java.lang.Synthetic$String
15:59:09.430 [main] DEBUG o.s.j.b.loader.SquidClassLoader - .class not found for ais.gui.common.String
15:59:09.431 [main] DEBUG o.s.j.b.loader.SquidClassLoader - .class not found for java.lang.Synthetic$String
15:59:09.431 [main] DEBUG o.s.j.b.loader.SquidClassLoader - .class not found for ais.gui.common.Object
15:59:09.431 [main] DEBUG o.s.j.b.loader.SquidClassLoader - .class not found for java.lang.Synthetic$Object
15:59:09.431 [main] DEBUG o.s.j.b.loader.SquidClassLoader - .class not found for ais.gui.common.String
15:59:09.431 [main] DEBUG o.s.j.b.loader.SquidClassLoader - .class not found for java.lang.Synthetic$String
15:59:09.431 [main] DEBUG o.s.j.b.loader.SquidClassLoader - .class not found for ais.gui.common.String
15:59:09.431 [main] DEBUG o.s.j.b.loader.SquidClassLoader - .class not found for java.lang.Synthetic$String
15:59:09.431 [main] DEBUG o.s.j.b.loader.SquidClassLoader - .class not found for ais.gui.common.String
15:59:09.433 [main] DEBUG o.s.j.b.loader.SquidClassLoader - .class not found for java.lang.Synthetic$String
15:59:09.434 [main] DEBUG o.s.j.b.loader.SquidClassLoader - .class not found for ais.gui.common.String
15:59:09.434 [main] DEBUG o.s.j.b.loader.SquidClassLoader - .class not found for java.lang.Synthetic$String
15:59:09.435 [main] DEBUG o.s.j.b.loader.SquidClassLoader - .class not found for ais.gui.common.Integer
15:59:09.435 [main] DEBUG o.s.j.b.loader.SquidClassLoader - .class not found for java.lang.Synthetic$Integer
15:59:09.436 [main] DEBUG o.s.j.b.loader.SquidClassLoader - .class not found for ais.gui.common.String
15:59:09.437 [main] DEBUG o.s.j.b.loader.SquidClassLoader - .class not found for java.lang.Synthetic$String
15:59:09.438 [main] DEBUG o.s.j.b.loader.SquidClassLoader - .class not found for ais.gui.common.String
15:59:09.439 [main] DEBUG o.s.j.b.loader.SquidClassLoader - .class not found for java.lang.Synthetic$String
15:59:09.439 [main] DEBUG o.s.j.b.loader.SquidClassLoader - .class not found for ais.gui.common.String
15:59:09.439 [main] DEBUG o.s.j.b.loader.SquidClassLoader - .class not found for java.lang.Synthetic$String
15:59:09.440 [main] DEBUG o.s.j.b.loader.SquidClassLoader - .class not found for ais.gui.common.String
15:59:09.441 [main] DEBUG o.s.j.b.loader.SquidClassLoader - .class not found for java.lang.Synthetic$String
15:59:09.441 [main] DEBUG o.s.j.b.loader.SquidClassLoader - .class not found for ais.gui.common.String
15:59:09.441 [main] DEBUG o.s.j.b.loader.SquidClassLoader - .class not found for java.lang.Synthetic$String
15:59:09.442 [main] DEBUG o.s.j.b.loader.SquidClassLoader - .class not found for ais.gui.common.String
15:59:09.442 [main] DEBUG o.s.j.b.loader.SquidClassLoader - .class not found for java.lang.Synthetic$String
15:59:09.442 [main] DEBUG o.s.j.b.loader.SquidClassLoader - .class not found for ais.gui.common.Integer
15:59:09.442 [main] DEBUG o.s.j.b.loader.SquidClassLoader - .class not found for java.lang.Synthetic$Integer
15:59:09.442 [main] DEBUG o.s.j.b.loader.SquidClassLoader - .class not found for ais.gui.common.String
15:59:09.442 [main] DEBUG o.s.j.b.loader.SquidClassLoader - .class not found for java.lang.Synthetic$String
15:59:09.443 [main] DEBUG o.s.j.b.loader.SquidClassLoader - .class not found for ais.gui.common.Integer
15:59:09.443 [main] DEBUG o.s.j.b.loader.SquidClassLoader - .class not found for java.lang.Synthetic$Integer
15:59:09.443 [main] DEBUG o.s.j.b.loader.SquidClassLoader - .class not found for ais.gui.common.AppException
15:59:09.443 [main] DEBUG o.s.j.b.loader.SquidClassLoader - .class not found for java.lang.AppException
15:59:09.443 [main] DEBUG o.s.j.b.loader.SquidClassLoader - .class not found for java.lang.Synthetic$AppException
15:59:09.443 [main] DEBUG o.s.j.b.loader.SquidClassLoader - .class not found for ais.gui.common.SCPWOrgJednotka
15:59:09.444 [main] DEBUG o.s.j.b.loader.SquidClassLoader - .class not found for java.lang.SCPWOrgJednotka
15:59:09.444 [main] DEBUG o.s.j.b.loader.SquidClassLoader - .class not found for java.lang.Synthetic$SCPWOrgJednotka
15:59:09.444 [main] DEBUG o.s.j.b.loader.SquidClassLoader - .class not found for ais.gui.common.AisApp
15:59:09.444 [main] DEBUG o.s.j.b.loader.SquidClassLoader - .class not found for java.lang.AisApp
15:59:09.444 [main] DEBUG o.s.j.b.loader.SquidClassLoader - .class not found for java.lang.Synthetic$AisApp
15:59:09.444 [main] DEBUG o.s.j.b.loader.SquidClassLoader - .class not found for ais.gui.common.String
15:59:09.444 [main] DEBUG o.s.j.b.loader.SquidClassLoader - .class not found for java.lang.Synthetic$String
15:59:09.445 [main] DEBUG o.s.j.b.loader.SquidClassLoader - .class not found for ais.gui.common.AppException
15:59:09.445 [main] DEBUG o.s.j.b.loader.SquidClassLoader - .class not found for java.lang.AppException
15:59:09.445 [main] DEBUG o.s.j.b.loader.SquidClassLoader - .class not found for java.lang.Synthetic$AppException
15:59:09.446 [main] DEBUG o.s.j.b.loader.SquidClassLoader - .class not found for ais.gui.common.SCPWOrgJednotka
15:59:09.446 [main] DEBUG o.s.j.b.loader.SquidClassLoader - .class not found for java.lang.SCPWOrgJednotka
15:59:09.446 [main] DEBUG o.s.j.b.loader.SquidClassLoader - .class not found for java.lang.Synthetic$SCPWOrgJednotka
15:59:09.446 [main] DEBUG o.s.j.b.loader.SquidClassLoader - .class not found for ais.gui.common.AisApp
15:59:09.446 [main] DEBUG o.s.j.b.loader.SquidClassLoader - .class not found for java.lang.AisApp
15:59:09.446 [main] DEBUG o.s.j.b.loader.SquidClassLoader - .class not found for java.lang.Synthetic$AisApp
15:59:09.447 [main] DEBUG o.s.j.b.loader.SquidClassLoader - .class not found for ais.gui.common.String
15:59:09.447 [main] DEBUG o.s.j.b.loader.SquidClassLoader - .class not found for java.lang.Synthetic$String
15:59:09.447 [main] DEBUG o.s.j.b.loader.SquidClassLoader - .class not found for ais.gui.common.AppException
15:59:09.447 [main] DEBUG o.s.j.b.loader.SquidClassLoader - .class not found for java.lang.AppException
15:59:09.447 [main] DEBUG o.s.j.b.loader.SquidClassLoader - .class not found for java.lang.Synthetic$AppException
15:59:09.448 [main] DEBUG o.s.j.b.loader.SquidClassLoader - .class not found for ais.gui.common.SCPWOrgJednotka
15:59:09.448 [main] DEBUG o.s.j.b.loader.SquidClassLoader - .class not found for java.lang.SCPWOrgJednotka
15:59:09.448 [main] DEBUG o.s.j.b.loader.SquidClassLoader - .class not found for java.lang.Synthetic$SCPWOrgJednotka
15:59:09.449 [main] DEBUG o.s.j.b.loader.SquidClassLoader - .class not found for ais.gui.common.AisApp
15:59:09.449 [main] DEBUG o.s.j.b.loader.SquidClassLoader - .class not found for java.lang.AisApp
15:59:09.449 [main] DEBUG o.s.j.b.loader.SquidClassLoader - .class not found for java.lang.Synthetic$AisApp
15:59:09.450 [main] DEBUG o.s.j.b.loader.SquidClassLoader - .class not found for ais.gui.common.String
15:59:09.450 [main] DEBUG o.s.j.b.loader.SquidClassLoader - .class not found for java.lang.Synthetic$String
15:59:09.450 [main] DEBUG o.s.j.b.loader.SquidClassLoader - .class not found for ais.gui.common.AppException
15:59:09.450 [main] DEBUG o.s.j.b.loader.SquidClassLoader - .class not found for java.lang.AppException
15:59:09.450 [main] DEBUG o.s.j.b.loader.SquidClassLoader - .class not found for java.lang.Synthetic$AppException
15:59:09.450 [main] DEBUG o.s.j.b.loader.SquidClassLoader - .class not found for ais.gui.common.SCPWOrgJednotka
15:59:09.450 [main] DEBUG o.s.j.b.loader.SquidClassLoader - .class not found for java.lang.SCPWOrgJednotka
15:59:09.450 [main] DEBUG o.s.j.b.loader.SquidClassLoader - .class not found for java.lang.Synthetic$SCPWOrgJednotka
15:59:09.451 [main] DEBUG o.s.j.b.loader.SquidClassLoader - .class not found for ais.gui.common.AisApp
15:59:09.451 [main] DEBUG o.s.j.b.loader.SquidClassLoader - .class not found for java.lang.AisApp
15:59:09.451 [main] DEBUG o.s.j.b.loader.SquidClassLoader - .class not found for java.lang.Synthetic$AisApp
15:59:09.451 [main] DEBUG o.s.j.b.loader.SquidClassLoader - .class not found for ais.gui.common.String
15:59:09.451 [main] DEBUG o.s.j.b.loader.SquidClassLoader - .class not found for java.lang.Synthetic$String
15:59:09.451 [main] DEBUG o.s.j.b.loader.SquidClassLoader - .class not found for ais.gui.common.String
15:59:09.451 [main] DEBUG o.s.j.b.loader.SquidClassLoader - .class not found for java.lang.Synthetic$String
15:59:09.451 [main] DEBUG o.s.j.b.loader.SquidClassLoader - .class not found for ais.gui.common.AppException
15:59:09.451 [main] DEBUG o.s.j.b.loader.SquidClassLoader - .class not found for java.lang.AppException
15:59:09.451 [main] DEBUG o.s.j.b.loader.SquidClassLoader - .class not found for java.lang.Synthetic$AppException
15:59:09.453 [main] DEBUG o.s.j.b.loader.SquidClassLoader - .class not found for ais.gui.common.SCPWOrgJednotka
15:59:09.453 [main] DEBUG o.s.j.b.loader.SquidClassLoader - .class not found for java.lang.SCPWOrgJednotka
15:59:09.453 [main] DEBUG o.s.j.b.loader.SquidClassLoader - .class not found for java.lang.Synthetic$SCPWOrgJednotka
15:59:09.453 [main] DEBUG o.s.j.b.loader.SquidClassLoader - .class not found for ais.gui.common.AisApp
15:59:09.453 [main] DEBUG o.s.j.b.loader.SquidClassLoader - .class not found for java.lang.AisApp
15:59:09.453 [main] DEBUG o.s.j.b.loader.SquidClassLoader - .class not found for java.lang.Synthetic$AisApp
15:59:09.453 [main] DEBUG o.s.j.b.loader.SquidClassLoader - .class not found for ais.gui.common.String
15:59:09.453 [main] DEBUG o.s.j.b.loader.SquidClassLoader - .class not found for java.lang.Synthetic$String
15:59:09.453 [main] DEBUG o.s.j.b.loader.SquidClassLoader - .class not found for ais.gui.common.String
15:59:09.454 [main] DEBUG o.s.j.b.loader.SquidClassLoader - .class not found for java.lang.Synthetic$String
15:59:09.454 [main] DEBUG o.s.j.b.loader.SquidClassLoader - .class not found for ais.gui.common.AppException
15:59:09.454 [main] DEBUG o.s.j.b.loader.SquidClassLoader - .class not found for java.lang.AppException
15:59:09.454 [main] DEBUG o.s.j.b.loader.SquidClassLoader - .class not found for java.lang.Synthetic$AppException
15:59:09.454 [main] DEBUG o.s.j.b.loader.SquidClassLoader - .class not found for ais.gui.common.SCPWOrgJednotka
15:59:09.454 [main] DEBUG o.s.j.b.loader.SquidClassLoader - .class not found for java.lang.SCPWOrgJednotka
15:59:09.454 [main] DEBUG o.s.j.b.loader.SquidClassLoader - .class not found for java.lang.Synthetic$SCPWOrgJednotka
15:59:09.454 [main] DEBUG o.s.j.b.loader.SquidClassLoader - .class not found for ais.gui.common.AisApp
15:59:09.454 [main] DEBUG o.s.j.b.loader.SquidClassLoader - .class not found for java.lang.AisApp
15:59:09.454 [main] DEBUG o.s.j.b.loader.SquidClassLoader - .class not found for java.lang.Synthetic$AisApp
15:59:09.455 [main] DEBUG o.s.j.b.loader.SquidClassLoader - .class not found for ais.gui.common.SCPWOrgJednotka
15:59:09.455 [main] DEBUG o.s.j.b.loader.SquidClassLoader - .class not found for java.lang.SCPWOrgJednotka
15:59:09.455 [main] DEBUG o.s.j.b.loader.SquidClassLoader - .class not found for java.lang.Synthetic$SCPWOrgJednotka
15:59:09.455 [main] DEBUG o.s.j.b.loader.SquidClassLoader - .class not found for ais.gui.common.String
15:59:09.455 [main] DEBUG o.s.j.b.loader.SquidClassLoader - .class not found for java.lang.Synthetic$String
15:59:09.455 [main] DEBUG o.s.j.b.loader.SquidClassLoader - .class not found for ais.gui.common.NestedException
15:59:09.455 [main] DEBUG o.s.j.b.loader.SquidClassLoader - .class not found for java.lang.NestedException
15:59:09.455 [main] DEBUG o.s.j.b.loader.SquidClassLoader - .class not found for java.lang.Synthetic$NestedException
15:59:09.456 [main] DEBUG o.s.j.b.loader.SquidClassLoader - .class not found for ais.gui.common.SCPWOrgJednotka
15:59:09.456 [main] DEBUG o.s.j.b.loader.SquidClassLoader - .class not found for java.lang.SCPWOrgJednotka
15:59:09.456 [main] DEBUG o.s.j.b.loader.SquidClassLoader - .class not found for java.lang.Synthetic$SCPWOrgJednotka
15:59:09.456 [main] DEBUG o.s.j.b.loader.SquidClassLoader - .class not found for ais.gui.common.AisApp
15:59:09.456 [main] DEBUG o.s.j.b.loader.SquidClassLoader - .class not found for java.lang.AisApp
15:59:09.456 [main] DEBUG o.s.j.b.loader.SquidClassLoader - .class not found for java.lang.Synthetic$AisApp
15:59:09.456 [main] DEBUG o.s.j.b.loader.SquidClassLoader - .class not found for ais.gui.common.String
15:59:09.456 [main] DEBUG o.s.j.b.loader.SquidClassLoader - .class not found for java.lang.Synthetic$String
15:59:09.456 [main] DEBUG o.s.j.b.loader.SquidClassLoader - .class not found for ais.gui.common.String
15:59:09.457 [main] DEBUG o.s.j.b.loader.SquidClassLoader - .class not found for java.lang.Synthetic$String
15:59:09.457 [main] DEBUG o.s.j.b.loader.SquidClassLoader - .class not found for ais.gui.common.NestedException
15:59:09.457 [main] DEBUG o.s.j.b.loader.SquidClassLoader - .class not found for java.lang.NestedException
15:59:09.457 [main] DEBUG o.s.j.b.loader.SquidClassLoader - .class not found for java.lang.Synthetic$NestedException
15:59:09.457 [main] DEBUG o.s.j.b.loader.SquidClassLoader - .class not found for ais.gui.common.SCPWOrgJednotka
15:59:09.458 [main] DEBUG o.s.j.b.loader.SquidClassLoader - .class not found for java.lang.SCPWOrgJednotka
15:59:09.458 [main] DEBUG o.s.j.b.loader.SquidClassLoader - .class not found for java.lang.Synthetic$SCPWOrgJednotka
15:59:09.458 [main] DEBUG o.s.j.b.loader.SquidClassLoader - .class not found for ais.gui.common.AisApp
15:59:09.458 [main] DEBUG o.s.j.b.loader.SquidClassLoader - .class not found for java.lang.AisApp
15:59:09.458 [main] DEBUG o.s.j.b.loader.SquidClassLoader - .class not found for java.lang.Synthetic$AisApp
15:59:09.459 [main] DEBUG o.s.j.b.loader.SquidClassLoader - .class not found for ais.gui.common.String
15:59:09.459 [main] DEBUG o.s.j.b.loader.SquidClassLoader - .class not found for java.lang.Synthetic$String
15:59:09.459 [main] DEBUG o.s.j.b.loader.SquidClassLoader - .class not found for ais.gui.common.String
15:59:09.459 [main] DEBUG o.s.j.b.loader.SquidClassLoader - .class not found for java.lang.Synthetic$String
15:59:09.459 [main] DEBUG o.s.j.b.loader.SquidClassLoader - .class not found for ais.gui.common.AppException
15:59:09.460 [main] DEBUG o.s.j.b.loader.SquidClassLoader - .class not found for java.lang.AppException
15:59:09.460 [main] DEBUG o.s.j.b.loader.SquidClassLoader - .class not found for java.lang.Synthetic$AppException
15:59:09.460 [main] DEBUG o.s.j.b.loader.SquidClassLoader - .class not found for ais.gui.common.SCPWOrgJednotka
15:59:09.460 [main] DEBUG o.s.j.b.loader.SquidClassLoader - .class not found for java.lang.SCPWOrgJednotka
15:59:09.461 [main] DEBUG o.s.j.b.loader.SquidClassLoader - .class not found for java.lang.Synthetic$SCPWOrgJednotka
15:59:09.462 [main] DEBUG o.s.j.b.loader.SquidClassLoader - .class not found for ais.gui.common.AisApp
15:59:09.463 [main] DEBUG o.s.j.b.loader.SquidClassLoader - .class not found for java.lang.AisApp
15:59:09.463 [main] DEBUG o.s.j.b.loader.SquidClassLoader - .class not found for java.lang.Synthetic$AisApp
15:59:09.464 [main] DEBUG o.s.j.b.loader.SquidClassLoader - .class not found for ais.gui.common.String
15:59:09.464 [main] DEBUG o.s.j.b.loader.SquidClassLoader - .class not found for java.lang.Synthetic$String
15:59:09.464 [main] DEBUG o.s.j.b.loader.SquidClassLoader - .class not found for ais.gui.common.String
15:59:09.465 [main] DEBUG o.s.j.b.loader.SquidClassLoader - .class not found for java.lang.Synthetic$String
15:59:09.465 [main] DEBUG o.s.j.b.loader.SquidClassLoader - .class not found for ais.gui.common.String
15:59:09.466 [main] DEBUG o.s.j.b.loader.SquidClassLoader - .class not found for java.lang.Synthetic$String
15:59:09.466 [main] DEBUG o.s.j.b.loader.SquidClassLoader - .class not found for ais.gui.common.Integer
15:59:09.466 [main] DEBUG o.s.j.b.loader.SquidClassLoader - .class not found for java.lang.Synthetic$Integer
15:59:09.467 [main] DEBUG o.s.j.b.loader.SquidClassLoader - .class not found for ais.gui.common.AppException
15:59:09.467 [main] DEBUG o.s.j.b.loader.SquidClassLoader - .class not found for java.lang.AppException
15:59:09.467 [main] DEBUG o.s.j.b.loader.SquidClassLoader - .class not found for java.lang.Synthetic$AppException
15:59:09.467 [main] DEBUG o.s.j.b.loader.SquidClassLoader - .class not found for ais.gui.common.SCPWOrgJednotka
15:59:09.468 [main] DEBUG o.s.j.b.loader.SquidClassLoader - .class not found for java.lang.SCPWOrgJednotka
15:59:09.468 [main] DEBUG o.s.j.b.loader.SquidClassLoader - .class not found for java.lang.Synthetic$SCPWOrgJednotka
15:59:09.468 [main] DEBUG o.s.j.b.loader.SquidClassLoader - .class not found for ais.gui.common.AisApp
15:59:09.469 [main] DEBUG o.s.j.b.loader.SquidClassLoader - .class not found for java.lang.AisApp
15:59:09.469 [main] DEBUG o.s.j.b.loader.SquidClassLoader - .class not found for java.lang.Synthetic$AisApp
15:59:09.469 [main] DEBUG o.s.j.b.loader.SquidClassLoader - .class not found for ais.gui.common.String
15:59:09.470 [main] DEBUG o.s.j.b.loader.SquidClassLoader - .class not found for java.lang.Synthetic$String
15:59:09.470 [main] DEBUG o.s.j.b.loader.SquidClassLoader - .class not found for ais.gui.common.String
15:59:09.470 [main] DEBUG o.s.j.b.loader.SquidClassLoader - .class not found for java.lang.Synthetic$String
15:59:09.470 [main] DEBUG o.s.j.b.loader.SquidClassLoader - .class not found for ais.gui.common.String
15:59:09.470 [main] DEBUG o.s.j.b.loader.SquidClassLoader - .class not found for java.lang.Synthetic$String
15:59:09.470 [main] DEBUG o.s.j.b.loader.SquidClassLoader - .class not found for ais.gui.common.Integer
15:59:09.470 [main] DEBUG o.s.j.b.loader.SquidClassLoader - .class not found for java.lang.Synthetic$Integer
15:59:09.471 [main] DEBUG o.s.j.b.loader.SquidClassLoader - .class not found for ais.gui.common.AppException
15:59:09.471 [main] DEBUG o.s.j.b.loader.SquidClassLoader - .class not found for java.lang.AppException
15:59:09.471 [main] DEBUG o.s.j.b.loader.SquidClassLoader - .class not found for java.lang.Synthetic$AppException
15:59:09.471 [main] DEBUG o.s.j.b.loader.SquidClassLoader - .class not found for ais.gui.common.SCPWOrgJednotka
15:59:09.471 [main] DEBUG o.s.j.b.loader.SquidClassLoader - .class not found for java.lang.SCPWOrgJednotka
15:59:09.471 [main] DEBUG o.s.j.b.loader.SquidClassLoader - .class not found for java.lang.Synthetic$SCPWOrgJednotka
15:59:09.471 [main] DEBUG o.s.j.b.loader.SquidClassLoader - .class not found for ais.gui.common.AisApp
15:59:09.471 [main] DEBUG o.s.j.b.loader.SquidClassLoader - .class not found for java.lang.AisApp
15:59:09.471 [main] DEBUG o.s.j.b.loader.SquidClassLoader - .class not found for java.lang.Synthetic$AisApp
15:59:09.471 [main] DEBUG o.s.j.b.loader.SquidClassLoader - .class not found for ais.gui.common.String
15:59:09.472 [main] DEBUG o.s.j.b.loader.SquidClassLoader - .class not found for java.lang.Synthetic$String
15:59:09.472 [main] DEBUG o.s.j.b.loader.SquidClassLoader - .class not found for ais.gui.common.Integer
15:59:09.472 [main] DEBUG o.s.j.b.loader.SquidClassLoader - .class not found for java.lang.Synthetic$Integer
15:59:09.472 [main] DEBUG o.s.j.b.loader.SquidClassLoader - .class not found for ais.gui.common.String
15:59:09.472 [main] DEBUG o.s.j.b.loader.SquidClassLoader - .class not found for java.lang.Synthetic$String
15:59:09.472 [main] DEBUG o.s.j.b.loader.SquidClassLoader - .class not found for ais.gui.common.String
15:59:09.472 [main] DEBUG o.s.j.b.loader.SquidClassLoader - .class not found for java.lang.Synthetic$String
15:59:09.472 [main] DEBUG o.s.j.b.loader.SquidClassLoader - .class not found for ais.gui.common.Filter
15:59:09.472 [main] DEBUG o.s.j.b.loader.SquidClassLoader - .class not found for java.lang.Filter
15:59:09.472 [main] DEBUG o.s.j.b.loader.SquidClassLoader - .class not found for java.lang.Synthetic$Filter
15:59:09.473 [main] DEBUG o.s.j.b.loader.SquidClassLoader - .class not found for ais.gui.common.String
15:59:09.473 [main] DEBUG o.s.j.b.loader.SquidClassLoader - .class not found for java.lang.Synthetic$String
15:59:09.473 [main] DEBUG o.s.j.b.loader.SquidClassLoader - .class not found for ais.gui.common.String
15:59:09.473 [main] DEBUG o.s.j.b.loader.SquidClassLoader - .class not found for java.lang.Synthetic$String
15:59:09.474 [main] DEBUG o.s.j.b.loader.SquidClassLoader - .class not found for ais.gui.common.PWVlastnostOJ
15:59:09.474 [main] DEBUG o.s.j.b.loader.SquidClassLoader - .class not found for java.lang.PWVlastnostOJ
15:59:09.474 [main] DEBUG o.s.j.b.loader.SquidClassLoader - .class not found for java.lang.Synthetic$PWVlastnostOJ
15:59:09.474 [main] DEBUG o.s.j.b.loader.SquidClassLoader - .class not found for ais.gui.common.String
15:59:09.475 [main] DEBUG o.s.j.b.loader.SquidClassLoader - .class not found for java.lang.Synthetic$String
15:59:09.475 [main] DEBUG o.s.j.b.loader.SquidClassLoader - .class not found for ais.gui.common.PWVlastnostOJ
15:59:09.475 [main] DEBUG o.s.j.b.loader.SquidClassLoader - .class not found for java.lang.PWVlastnostOJ
15:59:09.475 [main] DEBUG o.s.j.b.loader.SquidClassLoader - .class not found for java.lang.Synthetic$PWVlastnostOJ
15:59:09.475 [main] DEBUG o.s.j.b.loader.SquidClassLoader - .class not found for ais.gui.common.Filter
15:59:09.475 [main] DEBUG o.s.j.b.loader.SquidClassLoader - .class not found for java.lang.Filter
15:59:09.475 [main] DEBUG o.s.j.b.loader.SquidClassLoader - .class not found for java.lang.Synthetic$Filter
15:59:09.475 [main] DEBUG o.s.j.b.loader.SquidClassLoader - .class not found for ais.gui.common.Filter
15:59:09.476 [main] DEBUG o.s.j.b.loader.SquidClassLoader - .class not found for java.lang.Filter
15:59:09.476 [main] DEBUG o.s.j.b.loader.SquidClassLoader - .class not found for java.lang.Synthetic$Filter
15:59:09.477 [main] DEBUG o.s.j.b.loader.SquidClassLoader - .class not found for ais.gui.common.SCPWOrgJednotka
15:59:09.477 [main] DEBUG o.s.j.b.loader.SquidClassLoader - .class not found for java.lang.SCPWOrgJednotka
15:59:09.477 [main] DEBUG o.s.j.b.loader.SquidClassLoader - .class not found for java.lang.Synthetic$SCPWOrgJednotka
15:59:09.478 [main] DEBUG o.s.j.b.loader.SquidClassLoader - .class not found for ais.gui.common.String
15:59:09.478 [main] DEBUG o.s.j.b.loader.SquidClassLoader - .class not found for java.lang.Synthetic$String
15:59:09.479 [main] DEBUG o.s.j.b.loader.SquidClassLoader - .class not found for ais.gui.common.SCPWOrgJednotka
15:59:09.480 [main] DEBUG o.s.j.b.loader.SquidClassLoader - .class not found for java.lang.SCPWOrgJednotka
15:59:09.480 [main] DEBUG o.s.j.b.loader.SquidClassLoader - .class not found for java.lang.Synthetic$SCPWOrgJednotka
15:59:09.480 [main] DEBUG o.s.j.b.loader.SquidClassLoader - .class not found for ais.gui.common.Ordering
15:59:09.480 [main] DEBUG o.s.j.b.loader.SquidClassLoader - .class not found for java.lang.Ordering
15:59:09.480 [main] DEBUG o.s.j.b.loader.SquidClassLoader - .class not found for java.lang.Synthetic$Ordering
15:59:09.480 [main] DEBUG o.s.j.b.loader.SquidClassLoader - .class not found for ais.gui.common.PSException
15:59:09.480 [main] DEBUG o.s.j.b.loader.SquidClassLoader - .class not found for java.lang.PSException
15:59:09.481 [main] DEBUG o.s.j.b.loader.SquidClassLoader - .class not found for java.lang.Synthetic$PSException
15:59:09.481 [main] DEBUG o.s.j.b.loader.SquidClassLoader - .class not found for ais.gui.common.NestedException
15:59:09.481 [main] DEBUG o.s.j.b.loader.SquidClassLoader - .class not found for java.lang.NestedException
15:59:09.481 [main] DEBUG o.s.j.b.loader.SquidClassLoader - .class not found for java.lang.Synthetic$NestedException
15:59:09.482 [main] DEBUG o.s.j.b.loader.SquidClassLoader - .class not found for ais.gui.common.SCPWOrgJednotka
15:59:09.482 [main] DEBUG o.s.j.b.loader.SquidClassLoader - .class not found for java.lang.SCPWOrgJednotka
15:59:09.482 [main] DEBUG o.s.j.b.loader.SquidClassLoader - .class not found for java.lang.Synthetic$SCPWOrgJednotka
15:59:09.483 [main] DEBUG o.s.j.b.loader.SquidClassLoader - .class not found for ais.gui.common.AisApp
15:59:09.483 [main] DEBUG o.s.j.b.loader.SquidClassLoader - .class not found for java.lang.AisApp
15:59:09.483 [main] DEBUG o.s.j.b.loader.SquidClassLoader - .class not found for java.lang.Synthetic$AisApp
15:59:09.484 [main] DEBUG o.s.j.b.loader.SquidClassLoader - .class not found for ais.gui.common.String
15:59:09.484 [main] DEBUG o.s.j.b.loader.SquidClassLoader - .class not found for java.lang.Synthetic$String
15:59:09.484 [main] DEBUG o.s.j.b.loader.SquidClassLoader - .class not found for ais.gui.common.Integer
15:59:09.485 [main] DEBUG o.s.j.b.loader.SquidClassLoader - .class not found for java.lang.Synthetic$Integer
15:59:09.485 [main] DEBUG o.s.j.b.loader.SquidClassLoader - .class not found for ais.gui.common.NestedException
15:59:09.486 [main] DEBUG o.s.j.b.loader.SquidClassLoader - .class not found for java.lang.NestedException
15:59:09.486 [main] DEBUG o.s.j.b.loader.SquidClassLoader - .class not found for java.lang.Synthetic$NestedException
15:59:09.486 [main] DEBUG o.s.j.b.loader.SquidClassLoader - .class not found for ais.gui.common.SCPWOrgJednotka
15:59:09.486 [main] DEBUG o.s.j.b.loader.SquidClassLoader - .class not found for java.lang.SCPWOrgJednotka
15:59:09.487 [main] DEBUG o.s.j.b.loader.SquidClassLoader - .class not found for java.lang.Synthetic$SCPWOrgJednotka
15:59:09.487 [main] DEBUG o.s.j.b.loader.SquidClassLoader - .class not found for ais.gui.common.AisApp
15:59:09.487 [main] DEBUG o.s.j.b.loader.SquidClassLoader - .class not found for java.lang.AisApp
15:59:09.487 [main] DEBUG o.s.j.b.loader.SquidClassLoader - .class not found for java.lang.Synthetic$AisApp
15:59:09.488 [main] DEBUG o.s.j.b.loader.SquidClassLoader - .class not found for ais.gui.common.String
15:59:09.488 [main] DEBUG o.s.j.b.loader.SquidClassLoader - .class not found for java.lang.Synthetic$String
15:59:09.488 [main] DEBUG o.s.j.b.loader.SquidClassLoader - .class not found for ais.gui.common.Integer
15:59:09.490 [main] DEBUG o.s.j.b.loader.SquidClassLoader - .class not found for java.lang.Synthetic$Integer
15:59:09.490 [main] DEBUG o.s.j.b.loader.SquidClassLoader - .class not found for ais.gui.common.NestedException
15:59:09.490 [main] DEBUG o.s.j.b.loader.SquidClassLoader - .class not found for java.lang.NestedException
15:59:09.491 [main] DEBUG o.s.j.b.loader.SquidClassLoader - .class not found for java.lang.Synthetic$NestedException
15:59:09.491 [main] DEBUG o.s.j.b.loader.SquidClassLoader - .class not found for ais.gui.common.SCPWOrgJednotka
15:59:09.491 [main] DEBUG o.s.j.b.loader.SquidClassLoader - .class not found for java.lang.SCPWOrgJednotka
15:59:09.491 [main] DEBUG o.s.j.b.loader.SquidClassLoader - .class not found for java.lang.Synthetic$SCPWOrgJednotka
15:59:09.491 [main] DEBUG o.s.j.b.loader.SquidClassLoader - .class not found for ais.gui.common.AisApplicationContext
15:59:09.491 [main] DEBUG o.s.j.b.loader.SquidClassLoader - .class not found for java.lang.AisApplicationContext
15:59:09.492 [main] DEBUG o.s.j.b.loader.SquidClassLoader - .class not found for java.lang.Synthetic$AisApplicationContext
15:59:09.492 [main] DEBUG o.s.j.b.loader.SquidClassLoader - .class not found for ais.gui.common.String
15:59:09.492 [main] DEBUG o.s.j.b.loader.SquidClassLoader - .class not found for java.lang.Synthetic$String
15:59:09.492 [main] DEBUG o.s.j.b.loader.SquidClassLoader - .class not found for ais.gui.common.Integer
15:59:09.492 [main] DEBUG o.s.j.b.loader.SquidClassLoader - .class not found for java.lang.Synthetic$Integer
15:59:09.492 [main] DEBUG o.s.j.b.loader.SquidClassLoader - .class not found for ais.gui.common.Filter
15:59:09.492 [main] DEBUG o.s.j.b.loader.SquidClassLoader - .class not found for java.lang.Filter
15:59:09.492 [main] DEBUG o.s.j.b.loader.SquidClassLoader - .class not found for java.lang.Synthetic$Filter
15:59:09.493 [main] DEBUG o.s.j.b.loader.SquidClassLoader - .class not found for ais.gui.common.PWVlastnostOJ
15:59:09.493 [main] DEBUG o.s.j.b.loader.SquidClassLoader - .class not found for java.lang.PWVlastnostOJ
15:59:09.493 [main] DEBUG o.s.j.b.loader.SquidClassLoader - .class not found for java.lang.Synthetic$PWVlastnostOJ
15:59:09.493 [main] DEBUG o.s.j.b.loader.SquidClassLoader - .class not found for ais.gui.common.String
15:59:09.493 [main] DEBUG o.s.j.b.loader.SquidClassLoader - .class not found for java.lang.Synthetic$String
15:59:09.494 [main] DEBUG o.s.j.b.loader.SquidClassLoader - .class not found for ais.gui.common.PWVlastnostOJ
15:59:09.494 [main] DEBUG o.s.j.b.loader.SquidClassLoader - .class not found for java.lang.PWVlastnostOJ
15:59:09.496 [main] DEBUG o.s.j.b.loader.SquidClassLoader - .class not found for java.lang.Synthetic$PWVlastnostOJ
15:59:09.497 [main] DEBUG o.s.j.b.loader.SquidClassLoader - .class not found for ais.gui.common.NestedException
15:59:09.497 [main] DEBUG o.s.j.b.loader.SquidClassLoader - .class not found for java.lang.NestedException
15:59:09.497 [main] DEBUG o.s.j.b.loader.SquidClassLoader - .class not found for java.lang.Synthetic$NestedException
15:59:09.498 [main] DEBUG o.s.j.b.loader.SquidClassLoader - .class not found for ais.gui.common.SCPWOrgJednotka
15:59:09.498 [main] DEBUG o.s.j.b.loader.SquidClassLoader - .class not found for java.lang.SCPWOrgJednotka
15:59:09.498 [main] DEBUG o.s.j.b.loader.SquidClassLoader - .class not found for java.lang.Synthetic$SCPWOrgJednotka
15:59:09.499 [main] DEBUG o.s.j.b.loader.SquidClassLoader - .class not found for ais.gui.common.AisApp
15:59:09.499 [main] DEBUG o.s.j.b.loader.SquidClassLoader - .class not found for java.lang.AisApp
15:59:09.499 [main] DEBUG o.s.j.b.loader.SquidClassLoader - .class not found for java.lang.Synthetic$AisApp
15:59:09.500 [main] DEBUG o.s.j.b.loader.SquidClassLoader - .class not found for ais.gui.common.String
15:59:09.500 [main] DEBUG o.s.j.b.loader.SquidClassLoader - .class not found for java.lang.Synthetic$String
[...]
15:59:10.026 [main] DEBUG o.s.j.b.loader.SquidClassLoader - .class not found for java.lang.Synthetic$SCPWOrgJednotka
15:59:10.026 [main] DEBUG o.s.j.b.loader.SquidClassLoader - .class not found for ais.gui.common.BarSpec
15:59:10.026 [main] DEBUG o.s.j.b.loader.SquidClassLoader - .class not found for java.lang.BarSpec
15:59:10.026 [main] DEBUG o.s.j.b.loader.SquidClassLoader - .class not found for java.lang.Synthetic$BarSpec
15:59:10.027 [main] DEBUG o.s.j.b.loader.SquidClassLoader - .class not found for ais.gui.common.AppException
15:59:10.027 [main] DEBUG o.s.j.b.loader.SquidClassLoader - .class not found for java.lang.AppException
15:59:10.027 [main] DEBUG o.s.j.b.loader.SquidClassLoader - .class not found for java.lang.Synthetic$AppException
15:59:10.027 [main] DEBUG o.s.j.b.loader.SquidClassLoader - .class not found for ais.gui.common.Attribute
15:59:10.027 [main] DEBUG o.s.j.b.loader.SquidClassLoader - .class not found for java.lang.Attribute
15:59:10.027 [main] DEBUG o.s.j.b.loader.SquidClassLoader - .class not found for java.lang.Synthetic$Attribute
15:59:10.027 [main] DEBUG o.s.j.b.loader.SquidClassLoader - .class not found for ais.gui.common.Filter
15:59:10.028 [main] DEBUG o.s.j.b.loader.SquidClassLoader - .class not found for java.lang.Filter
15:59:10.028 [main] DEBUG o.s.j.b.loader.SquidClassLoader - .class not found for java.lang.Synthetic$Filter
15:59:10.028 [main] DEBUG o.s.j.b.loader.SquidClassLoader - .class not found for ais.gui.common.Attribute
15:59:10.028 [main] DEBUG o.s.j.b.loader.SquidClassLoader - .class not found for java.lang.Attribute
15:59:10.028 [main] DEBUG o.s.j.b.loader.SquidClassLoader - .class not found for java.lang.Synthetic$Attribute
15:59:10.028 [main] DEBUG o.s.j.b.loader.SquidClassLoader - .class not found for ais.gui.common.Attribute
15:59:10.028 [main] DEBUG o.s.j.b.loader.SquidClassLoader - .class not found for java.lang.Attribute
15:59:10.028 [main] DEBUG o.s.j.b.loader.SquidClassLoader - .class not found for java.lang.Synthetic$Attribute
15:59:10.029 [main] DEBUG o.s.j.b.loader.SquidClassLoader - .class not found for ais.gui.common.EmptySpec
15:59:10.029 [main] DEBUG o.s.j.b.loader.SquidClassLoader - .class not found for java.lang.EmptySpec
15:59:10.029 [main] DEBUG o.s.j.b.loader.SquidClassLoader - .class not found for java.lang.Synthetic$EmptySpec
15:59:10.029 [main] DEBUG o.s.j.b.loader.SquidClassLoader - .class not found for ais.gui.common.AppException
15:59:10.030 [main] DEBUG o.s.j.b.loader.SquidClassLoader - .class not found for java.lang.AppException
15:59:10.030 [main] DEBUG o.s.j.b.loader.SquidClassLoader - .class not found for java.lang.Synthetic$AppException
15:59:10.030 [main] DEBUG o.s.j.b.loader.SquidClassLoader - .class not found for ais.gui.common.CRSC_Staty
15:59:10.030 [main] DEBUG o.s.j.b.loader.SquidClassLoader - .class not found for java.lang.CRSC_Staty
15:59:10.031 [main] DEBUG o.s.j.b.loader.SquidClassLoader - .class not found for java.lang.Synthetic$CRSC_Staty
15:59:10.031 [main] DEBUG o.s.j.b.loader.SquidClassLoader - .class not found for ais.gui.common.CRSC_Staty
15:59:10.031 [main] DEBUG o.s.j.b.loader.SquidClassLoader - .class not found for java.lang.CRSC_Staty
15:59:10.031 [main] DEBUG o.s.j.b.loader.SquidClassLoader - .class not found for java.lang.Synthetic$CRSC_Staty
15:59:10.032 [main] DEBUG o.s.j.b.loader.SquidClassLoader - .class not found for ais.gui.common.EmptySpec
15:59:10.032 [main] DEBUG o.s.j.b.loader.SquidClassLoader - .class not found for java.lang.EmptySpec
15:59:10.033 [main] DEBUG o.s.j.b.loader.SquidClassLoader - .class not found for java.lang.Synthetic$EmptySpec
15:59:10.033 [main] DEBUG o.s.j.b.loader.SquidClassLoader - .class not found for ais.gui.common.AppException
15:59:10.033 [main] DEBUG o.s.j.b.loader.SquidClassLoader - .class not found for java.lang.AppException
15:59:10.033 [main] DEBUG o.s.j.b.loader.SquidClassLoader - .class not found for java.lang.Synthetic$AppException
15:59:10.033 [main] DEBUG o.s.j.b.loader.SquidClassLoader - .class not found for ais.gui.common.StringUtils
15:59:10.034 [main] DEBUG o.s.j.b.loader.SquidClassLoader - .class not found for java.lang.StringUtils
15:59:10.034 [main] DEBUG o.s.j.b.loader.SquidClassLoader - .class not found for java.lang.Synthetic$StringUtils
15:59:10.034 [main] DEBUG o.s.j.b.loader.SquidClassLoader - .class not found for ais.gui.common.CRSC_Staty
15:59:10.034 [main] DEBUG o.s.j.b.loader.SquidClassLoader - .class not found for java.lang.CRSC_Staty
15:59:10.034 [main] DEBUG o.s.j.b.loader.SquidClassLoader - .class not found for java.lang.Synthetic$CRSC_Staty
15:59:10.034 [main] DEBUG o.s.j.b.loader.SquidClassLoader - .class not found for ais.gui.common.CRSC_Staty
15:59:10.034 [main] DEBUG o.s.j.b.loader.SquidClassLoader - .class not found for java.lang.CRSC_Staty
15:59:10.034 [main] DEBUG o.s.j.b.loader.SquidClassLoader - .class not found for java.lang.Synthetic$CRSC_Staty
15:59:10.034 [main] DEBUG o.s.j.b.loader.SquidClassLoader - .class not found for ais.gui.common.Object
15:59:10.035 [main] DEBUG o.s.j.b.loader.SquidClassLoader - .class not found for java.lang.Synthetic$Object
15:59:10.035 [main] DEBUG o.s.j.b.loader.SquidClassLoader - .class not found for ais.gui.common.DateUtils
15:59:10.035 [main] DEBUG o.s.j.b.loader.SquidClassLoader - .class not found for java.lang.DateUtils
15:59:10.035 [main] DEBUG o.s.j.b.loader.SquidClassLoader - .class not found for java.lang.Synthetic$DateUtils
15:59:10.035 [main] DEBUG o.s.j.b.loader.SquidClassLoader - .class not found for ais.gui.common.BarSpec
15:59:10.035 [main] DEBUG o.s.j.b.loader.SquidClassLoader - .class not found for java.lang.BarSpec
15:59:10.035 [main] DEBUG o.s.j.b.loader.SquidClassLoader - .class not found for java.lang.Synthetic$BarSpec
15:59:10.036 [main] DEBUG o.s.j.b.loader.SquidClassLoader - .class not found for ais.gui.common.AppException
15:59:10.036 [main] DEBUG o.s.j.b.loader.SquidClassLoader - .class not found for java.lang.AppException
15:59:10.036 [main] DEBUG o.s.j.b.loader.SquidClassLoader - .class not found for java.lang.Synthetic$AppException
15:59:10.037 [main] DEBUG o.s.j.b.loader.SquidClassLoader - .class not found for ais.gui.common.StringUtils
15:59:10.037 [main] DEBUG o.s.j.b.loader.SquidClassLoader - .class not found for java.lang.StringUtils
15:59:10.037 [main] DEBUG o.s.j.b.loader.SquidClassLoader - .class not found for java.lang.Synthetic$StringUtils
15:59:10.037 [main] DEBUG o.s.j.b.loader.SquidClassLoader - .class not found for ais.gui.common.CRSC_Staty
15:59:10.037 [main] DEBUG o.s.j.b.loader.SquidClassLoader - .class not found for java.lang.CRSC_Staty
15:59:10.037 [main] DEBUG o.s.j.b.loader.SquidClassLoader - .class not found for java.lang.Synthetic$CRSC_Staty
15:59:10.038 [main] DEBUG o.s.j.b.loader.SquidClassLoader - .class not found for ais.gui.common.Object
15:59:10.038 [main] DEBUG o.s.j.b.loader.SquidClassLoader - .class not found for java.lang.Synthetic$Object
15:59:10.038 [main] DEBUG o.s.j.b.loader.SquidClassLoader - .class not found for ais.gui.common.DateUtils
15:59:10.038 [main] DEBUG o.s.j.b.loader.SquidClassLoader - .class not found for java.lang.DateUtils
15:59:10.038 [main] DEBUG o.s.j.b.loader.SquidClassLoader - .class not found for java.lang.Synthetic$DateUtils
15:59:10.038 [main] DEBUG o.s.j.b.loader.SquidClassLoader - .class not found for ais.gui.common.BarSpec
15:59:10.038 [main] DEBUG o.s.j.b.loader.SquidClassLoader - .class not found for java.lang.BarSpec
15:59:10.038 [main] DEBUG o.s.j.b.loader.SquidClassLoader - .class not found for java.lang.Synthetic$BarSpec
15:59:10.039 [main] DEBUG o.s.j.b.loader.SquidClassLoader - .class not found for ais.gui.common.AppException
15:59:10.039 [main] DEBUG o.s.j.b.loader.SquidClassLoader - .class not found for java.lang.AppException
15:59:10.039 [main] DEBUG o.s.j.b.loader.SquidClassLoader - .class not found for java.lang.Synthetic$AppException
15:59:10.039 [main] DEBUG o.s.j.b.loader.SquidClassLoader - .class not found for ais.gui.common.StringUtils
15:59:10.039 [main] DEBUG o.s.j.b.loader.SquidClassLoader - .class not found for java.lang.StringUtils
15:59:10.039 [main] DEBUG o.s.j.b.loader.SquidClassLoader - .class not found for java.lang.Synthetic$StringUtils
15:59:10.039 [main] DEBUG o.s.j.b.loader.SquidClassLoader - .class not found for ais.gui.common.CRSC_Obec
15:59:10.040 [main] DEBUG o.s.j.b.loader.SquidClassLoader - .class not found for java.lang.CRSC_Obec
15:59:10.040 [main] DEBUG o.s.j.b.loader.SquidClassLoader - .class not found for java.lang.Synthetic$CRSC_Obec
15:59:10.040 [main] DEBUG o.s.j.b.loader.SquidClassLoader - .class not found for ais.gui.common.CRSC_Obec
15:59:10.040 [main] DEBUG o.s.j.b.loader.SquidClassLoader - .class not found for java.lang.CRSC_Obec
15:59:10.040 [main] DEBUG o.s.j.b.loader.SquidClassLoader - .class not found for java.lang.Synthetic$CRSC_Obec
15:59:10.040 [main] DEBUG o.s.j.b.loader.SquidClassLoader - .class not found for ais.gui.common.Object
15:59:10.040 [main] DEBUG o.s.j.b.loader.SquidClassLoader - .class not found for java.lang.Synthetic$Object
15:59:10.040 [main] DEBUG o.s.j.b.loader.SquidClassLoader - .class not found for ais.gui.common.DateUtils
15:59:10.040 [main] DEBUG o.s.j.b.loader.SquidClassLoader - .class not found for java.lang.DateUtils
15:59:10.040 [main] DEBUG o.s.j.b.loader.SquidClassLoader - .class not found for java.lang.Synthetic$DateUtils
15:59:10.041 [main] DEBUG o.s.j.b.loader.SquidClassLoader - .class not found for ais.gui.common.BarSpec
15:59:10.041 [main] DEBUG o.s.j.b.loader.SquidClassLoader - .class not found for java.lang.BarSpec
15:59:10.041 [main] DEBUG o.s.j.b.loader.SquidClassLoader - .class not found for java.lang.Synthetic$BarSpec
15:59:10.041 [main] DEBUG o.s.j.b.loader.SquidClassLoader - .class not found for ais.gui.common.AppException
15:59:10.041 [main] DEBUG o.s.j.b.loader.SquidClassLoader - .class not found for java.lang.AppException
15:59:10.041 [main] DEBUG o.s.j.b.loader.SquidClassLoader - .class not found for java.lang.Synthetic$AppException
15:59:10.041 [main] DEBUG o.s.j.b.loader.SquidClassLoader - .class not found for ais.gui.common.PZZostava
15:59:10.042 [main] DEBUG o.s.j.b.loader.SquidClassLoader - .class not found for java.lang.PZZostava
15:59:10.042 [main] DEBUG o.s.j.b.loader.SquidClassLoader - .class not found for java.lang.Synthetic$PZZostava
15:59:10.042 [main] DEBUG o.s.j.b.loader.SquidClassLoader - .class not found for ais.gui.common.PZZostava
15:59:10.042 [main] DEBUG o.s.j.b.loader.SquidClassLoader - .class not found for java.lang.PZZostava
15:59:10.042 [main] DEBUG o.s.j.b.loader.SquidClassLoader - .class not found for java.lang.Synthetic$PZZostava
15:59:10.042 [main] DEBUG o.s.j.b.loader.SquidClassLoader - .class not found for ais.gui.common.EmptySpec
15:59:10.042 [main] DEBUG o.s.j.b.loader.SquidClassLoader - .class not found for java.lang.EmptySpec
15:59:10.042 [main] DEBUG o.s.j.b.loader.SquidClassLoader - .class not found for java.lang.Synthetic$EmptySpec
15:59:10.042 [main] DEBUG o.s.j.b.loader.SquidClassLoader - .class not found for ais.gui.common.AppException
15:59:10.042 [main] DEBUG o.s.j.b.loader.SquidClassLoader - .class not found for java.lang.AppException
15:59:10.042 [main] DEBUG o.s.j.b.loader.SquidClassLoader - .class not found for java.lang.Synthetic$AppException
15:59:10.042 [main] DEBUG o.s.j.b.loader.SquidClassLoader - .class not found for ais.gui.common.Globals
15:59:10.043 [main] DEBUG o.s.j.b.loader.SquidClassLoader - .class not found for java.lang.Globals
15:59:10.043 [main] DEBUG o.s.j.b.loader.SquidClassLoader - .class not found for java.lang.Synthetic$Globals
15:59:10.043 [main] DEBUG o.s.j.b.loader.SquidClassLoader - .class not found for ais.gui.common.JazykyListModel
15:59:10.043 [main] DEBUG o.s.j.b.loader.SquidClassLoader - .class not found for java.lang.JazykyListModel
15:59:10.043 [main] DEBUG o.s.j.b.loader.SquidClassLoader - .class not found for java.lang.Synthetic$JazykyListModel
15:59:10.043 [main] DEBUG o.s.j.b.loader.SquidClassLoader - .class not found for ais.gui.common.Globals
15:59:10.043 [main] DEBUG o.s.j.b.loader.SquidClassLoader - .class not found for java.lang.Globals
15:59:10.043 [main] DEBUG o.s.j.b.loader.SquidClassLoader - .class not found for java.lang.Synthetic$Globals
15:59:10.043 [main] DEBUG o.s.j.b.loader.SquidClassLoader - .class not found for ais.gui.common.CM009_VyberMoznostiDlg
15:59:10.043 [main] DEBUG o.s.j.b.loader.SquidClassLoader - .class not found for java.lang.CM009_VyberMoznostiDlg
15:59:10.044 [main] DEBUG o.s.j.b.loader.SquidClassLoader - .class not found for java.lang.Synthetic$CM009_VyberMoznostiDlg
15:59:10.044 [main] DEBUG o.s.j.b.loader.SquidClassLoader - .class not found for ais.gui.common.AisDlg
15:59:10.044 [main] DEBUG o.s.j.b.loader.SquidClassLoader - .class not found for java.lang.AisDlg
15:59:10.044 [main] DEBUG o.s.j.b.loader.SquidClassLoader - .class not found for java.lang.Synthetic$AisDlg
15:59:10.045 [main] DEBUG o.s.j.b.loader.SquidClassLoader - .class not found for ais.gui.common.System
15:59:10.045 [main] DEBUG o.s.j.b.loader.SquidClassLoader - .class not found for java.lang.Synthetic$System
15:59:10.046 [main] DEBUG o.s.j.b.loader.SquidClassLoader - .class not found for ais.gui.common.PrintUtils
15:59:10.046 [main] DEBUG o.s.j.b.loader.SquidClassLoader - .class not found for java.lang.PrintUtils
15:59:10.046 [main] DEBUG o.s.j.b.loader.SquidClassLoader - .class not found for java.lang.Synthetic$PrintUtils
15:59:10.046 [main] DEBUG o.s.j.b.loader.SquidClassLoader - .class not found for ais.gui.common.TransformationService
15:59:10.046 [main] DEBUG o.s.j.b.loader.SquidClassLoader - .class not found for java.lang.TransformationService
15:59:10.047 [main] DEBUG o.s.j.b.loader.SquidClassLoader - .class not found for java.lang.Synthetic$TransformationService
15:59:10.047 [main] DEBUG o.s.j.b.loader.SquidClassLoader - .class not found for ais.gui.common.RuntimeException
15:59:10.047 [main] DEBUG o.s.j.b.loader.SquidClassLoader - .class not found for java.lang.Synthetic$RuntimeException
15:59:10.047 [main] DEBUG o.s.j.b.loader.SquidClassLoader - .class not found for ais.gui.common.RuntimeException
15:59:10.047 [main] DEBUG o.s.j.b.loader.SquidClassLoader - .class not found for java.lang.Synthetic$RuntimeException
15:59:10.048 [main] DEBUG o.s.j.b.loader.SquidClassLoader - .class not found for ais.gui.common.AVCException
15:59:10.048 [main] DEBUG o.s.j.b.loader.SquidClassLoader - .class not found for java.lang.AVCException
15:59:10.048 [main] DEBUG o.s.j.b.loader.SquidClassLoader - .class not found for java.lang.Synthetic$AVCException
15:59:10.049 [main] DEBUG o.s.j.b.loader.SquidClassLoader - .class not found for ais.gui.common.AVCException
15:59:10.049 [main] DEBUG o.s.j.b.loader.SquidClassLoader - .class not found for java.lang.AVCException
15:59:10.049 [main] DEBUG o.s.j.b.loader.SquidClassLoader - .class not found for java.lang.Synthetic$AVCException
15:59:10.050 [main] DEBUG o.s.j.b.loader.SquidClassLoader - .class not found for ais.gui.common.AVCException
15:59:10.050 [main] DEBUG o.s.j.b.loader.SquidClassLoader - .class not found for java.lang.AVCException
15:59:10.050 [main] DEBUG o.s.j.b.loader.SquidClassLoader - .class not found for java.lang.Synthetic$AVCException
15:59:10.050 [main] DEBUG o.s.j.b.loader.SquidClassLoader - .class not found for ais.gui.common.AVCException
15:59:10.050 [main] DEBUG o.s.j.b.loader.SquidClassLoader - .class not found for java.lang.AVCException
15:59:10.050 [main] DEBUG o.s.j.b.loader.SquidClassLoader - .class not found for java.lang.Synthetic$AVCException
15:59:10.051 [main] DEBUG o.s.j.b.loader.SquidClassLoader - .class not found for ais.gui.common.AVCException
15:59:10.051 [main] DEBUG o.s.j.b.loader.SquidClassLoader - .class not found for java.lang.AVCException
15:59:10.051 [main] DEBUG o.s.j.b.loader.SquidClassLoader - .class not found for java.lang.Synthetic$AVCException
15:59:10.051 [main] DEBUG o.s.j.b.loader.SquidClassLoader - .class not found for ais.gui.common.SluzbaBD
15:59:10.051 [main] DEBUG o.s.j.b.loader.SquidClassLoader - .class not found for java.lang.SluzbaBD
15:59:10.051 [main] DEBUG o.s.j.b.loader.SquidClassLoader - .class not found for java.lang.Synthetic$SluzbaBD
15:59:10.051 [main] DEBUG o.s.j.b.loader.SquidClassLoader - .class not found for ais.gui.common.ais
15:59:10.052 [main] DEBUG o.s.j.b.loader.SquidClassLoader - .class not found for java.lang.ais
15:59:10.052 [main] DEBUG o.s.j.b.loader.SquidClassLoader - .class not found for java.lang.Synthetic$ais
15:59:10.052 [main] DEBUG o.s.j.b.loader.SquidClassLoader - .class not found for ais.bo
15:59:10.052 [main] DEBUG o.s.j.b.loader.SquidClassLoader - .class not found for ais.bo.SluzbaBD
15:59:10.052 [main] DEBUG o.s.j.b.loader.SquidClassLoader - .class not found for ais.bo.SluzbaBD.TemplateChooserBezPravSpravcuAPrezeraca
15:59:10.053 [main] DEBUG o.s.j.b.loader.SquidClassLoader - .class not found for ais.gui.common.ais
15:59:10.053 [main] DEBUG o.s.j.b.loader.SquidClassLoader - .class not found for java.lang.ais
15:59:10.053 [main] DEBUG o.s.j.b.loader.SquidClassLoader - .class not found for java.lang.Synthetic$ais
15:59:10.054 [main] DEBUG o.s.j.b.loader.SquidClassLoader - .class not found for ais.bo
15:59:10.054 [main] DEBUG o.s.j.b.loader.SquidClassLoader - .class not found for ais.bo.SluzbaBD
15:59:10.054 [main] DEBUG o.s.j.b.loader.SquidClassLoader - .class not found for ais.bo.SluzbaBD.TemplateChooserBezPravSpravcuAPrezeraca
15:59:10.054 [main] DEBUG o.s.j.b.loader.SquidClassLoader - .class not found for ais.gui.common.IllegalStateException
15:59:10.054 [main] DEBUG o.s.j.b.loader.SquidClassLoader - .class not found for java.lang.Synthetic$IllegalStateException
15:59:10.055 [main] DEBUG o.s.j.b.loader.SquidClassLoader - .class not found for ais.gui.common.IllegalStateException
15:59:10.055 [main] DEBUG o.s.j.b.loader.SquidClassLoader - .class not found for java.lang.Synthetic$IllegalStateException
15:59:10.056 [main] DEBUG o.s.j.b.loader.SquidClassLoader - .class not found for ais.gui.common.IllegalStateException
15:59:10.056 [main] DEBUG o.s.j.b.loader.SquidClassLoader - .class not found for java.lang.Synthetic$IllegalStateException
15:59:10.056 [main] DEBUG o.s.j.b.loader.SquidClassLoader - .class not found for ais.gui.common.IllegalStateException
15:59:10.056 [main] DEBUG o.s.j.b.loader.SquidClassLoader - .class not found for java.lang.Synthetic$IllegalStateException
15:59:10.056 [main] DEBUG o.s.j.b.loader.SquidClassLoader - .class not found for ais.gui.common.System
15:59:10.057 [main] DEBUG o.s.j.b.loader.SquidClassLoader - .class not found for java.lang.Synthetic$System
15:59:10.057 [main] DEBUG o.s.j.b.loader.SquidClassLoader - .class not found for ais.gui.common.PrintUtils
15:59:10.057 [main] DEBUG o.s.j.b.loader.SquidClassLoader - .class not found for java.lang.PrintUtils
15:59:10.057 [main] DEBUG o.s.j.b.loader.SquidClassLoader - .class not found for java.lang.Synthetic$PrintUtils
15:59:10.058 [main] DEBUG o.s.j.b.loader.SquidClassLoader - .class not found for ais.gui.common.TransformationService
15:59:10.058 [main] DEBUG o.s.j.b.loader.SquidClassLoader - .class not found for java.lang.TransformationService
15:59:10.058 [main] DEBUG o.s.j.b.loader.SquidClassLoader - .class not found for java.lang.Synthetic$TransformationService
15:59:10.059 [main] DEBUG o.s.j.b.loader.SquidClassLoader - .class not found for ais.gui.common.AppException
15:59:10.060 [main] DEBUG o.s.j.b.loader.SquidClassLoader - .class not found for java.lang.AppException
15:59:10.060 [main] DEBUG o.s.j.b.loader.SquidClassLoader - .class not found for java.lang.Synthetic$AppException
15:59:10.105 [Report about progress of Java AST analyzer] INFO  org.sonar.squidbridge.ProgressReport - 1/1 source files have been analyzed
15:59:10.106 [main] DEBUG o.s.j.checks.verifier.CheckVerifier - Remediation function and cost not provided, "constant" is assumed.
]]></system-out>
  </testcase>
</testsuite>